-------------------------------------------------------------------------------
Test set: com.timizerlike.backend.cra.integration.CraWorkflowIntegrationTest
-------------------------------------------------------------------------------
Tests run: 1, Failures: 1, Errors: 0, Skipped: 0, Time elapsed: 1.512 s <<< FAILURE! -- in com.timizerlike.backend.cra.integration.CraWorkflowIntegrationTest
com.timizerlike.backend.cra.integration.CraWorkflowIntegrationTest.fullCraWorkflow -- Time elapsed: 0.281 s <<< FAILURE!
org.opentest4j.AssertionFailedError: 

expected: "VALIDATED"
 but was: "AWAITING_CLIENT_SIGNATURE"
	at java.base/jdk.internal.reflect.DirectConstructorHandleAccessor.newInstance(DirectConstructorHandleAccessor.java:62)
	at java.base/java.lang.reflect.Constructor.newInstanceWithCaller(Constructor.java:499)
	at com.timizerlike.backend.cra.integration.CraWorkflowIntegrationTest.fullCraWorkflow(CraWorkflowIntegrationTest.java:145)
	at java.base/java.lang.reflect.Method.invoke(Method.java:565)
	at java.base/java.util.ArrayList.forEach(ArrayList.java:1612)
	at java.base/java.util.ArrayList.forEach(ArrayList.java:1612)

