-------------------------------------------------------------------------------
Test set: com.timizerlike.backend.cra.integration.CraSignatureWorkflowIntegrationTest
-------------------------------------------------------------------------------
Tests run: 1, Failures: 1, Errors: 0, Skipped: 0, Time elapsed: 0.019 s <<< FAILURE! -- in com.timizerlike.backend.cra.integration.CraSignatureWorkflowIntegrationTest
com.timizerlike.backend.cra.integration.CraSignatureWorkflowIntegrationTest.fullSignatureWorkflow -- Time elapsed: 0.016 s <<< FAILURE!
org.opentest4j.AssertionFailedError: 

expected: 201 CREATED
 but was: 500 INTERNAL_SERVER_ERROR
	at java.base/jdk.internal.reflect.DirectConstructorHandleAccessor.newInstance(DirectConstructorHandleAccessor.java:62)
	at java.base/java.lang.reflect.Constructor.newInstanceWithCaller(Constructor.java:499)
	at com.timizerlike.backend.cra.integration.CraSignatureWorkflowIntegrationTest.fullSignatureWorkflow(CraSignatureWorkflowIntegrationTest.java:47)
	at java.base/java.lang.reflect.Method.invoke(Method.java:565)
	at java.base/java.util.ArrayList.forEach(ArrayList.java:1612)
	at java.base/java.util.ArrayList.forEach(ArrayList.java:1612)

