<?xml version="1.0" encoding="UTF-8"?>
<testsuite xmlns:xsi="http://www.w3.org/2001/XMLSchema-instance" xsi:noNamespaceSchemaLocation="https://maven.apache.org/surefire/maven-surefire-plugin/xsd/surefire-test-report-3.0.xsd" version="3.0" name="com.timizer.backend.cra.MonthlyCraReportRepositoryTest" time="0.03" tests="8" errors="8" skipped="0" failures="0">
  <properties>
[...]
</properties>
  <testcase name="findByMonthAndYearReturnsMatchingReport" classname="com.timizer.backend.cra.MonthlyCraReportRepositoryTest" time="0.004">
    <error message="could not prepare statement [Table &quot;monthly_cra_report&quot; non trouvée&#10;Table &quot;monthly_cra_report&quot; not found; SQL statement:&#10;insert into &quot;monthly_cra_report&quot; (&quot;client_address&quot;,&quot;client_company&quot;,&quot;client_contact_email&quot;,&quot;client_contact_phone&quot;,&quot;client_contact_role&quot;,&quot;client_first_name&quot;,&quot;client_last_name&quot;,&quot;client_representative_name&quot;,&quot;client_signature_date&quot;,&quot;client_signature_image&quot;,&quot;created_at&quot;,&quot;month&quot;,&quot;provider_address&quot;,&quot;provider_company&quot;,&quot;provider_email&quot;,&quot;provider_first_name&quot;,&quot;provider_last_name&quot;,&quot;provider_phone&quot;,&quot;provider_signature_date&quot;,&quot;provider_signature_image&quot;,&quot;provider_signer_name&quot;,&quot;status&quot;,&quot;updated_at&quot;,&quot;validation_date&quot;,&quot;year&quot;,&quot;id&quot;) values (?,?,?,?,?,?,?,?,?,?,?,?,?,?,?,?,?,?,?,?,?,?,?,?,?,default) [42102-224]] [insert into &quot;monthly_cra_report&quot; (&quot;client_address&quot;,&quot;client_company&quot;,&quot;client_contact_email&quot;,&quot;client_contact_phone&quot;,&quot;client_contact_role&quot;,&quot;client_first_name&quot;,&quot;client_last_name&quot;,&quot;client_representative_name&quot;,&quot;client_signature_date&quot;,&quot;client_signature_image&quot;,&quot;created_at&quot;,&quot;month&quot;,&quot;provider_address&quot;,&quot;provider_company&quot;,&quot;provider_email&quot;,&quot;provider_first_name&quot;,&quot;provider_last_name&quot;,&quot;provider_phone&quot;,&quot;provider_signature_date&quot;,&quot;provider_signature_image&quot;,&quot;provider_signer_name&quot;,&quot;status&quot;,&quot;updated_at&quot;,&quot;validation_date&quot;,&quot;year&quot;,&quot;id&quot;) values (?,?,?,?,?,?,?,?,?,?,?,?,?,?,?,?,?,?,?,?,?,?,?,?,?,default)]; SQL [insert into &quot;monthly_cra_report&quot; (&quot;client_address&quot;,&quot;client_company&quot;,&quot;client_contact_email&quot;,&quot;client_contact_phone&quot;,&quot;client_contact_role&quot;,&quot;client_first_name&quot;,&quot;client_last_name&quot;,&quot;client_representative_name&quot;,&quot;client_signature_date&quot;,&quot;client_signature_image&quot;,&quot;created_at&quot;,&quot;month&quot;,&quot;provider_address&quot;,&quot;provider_company&quot;,&quot;provider_email&quot;,&quot;provider_first_name&quot;,&quot;provider_last_name&quot;,&quot;provider_phone&quot;,&quot;provider_signature_date&quot;,&quot;provider_signature_image&quot;,&quot;provider_signer_name&quot;,&quot;status&quot;,&quot;updated_at&quot;,&quot;validation_date&quot;,&quot;year&quot;,&quot;id&quot;) values (?,?,?,?,?,?,?,?,?,?,?,?,?,?,?,?,?,?,?,?,?,?,?,?,?,default)]" type="org.springframework.dao.InvalidDataAccessResourceUsageException"><![CDATA[org.springframework.dao.InvalidDataAccessResourceUsageException: 
could not prepare statement [Table "monthly_cra_report" non trouvée
Table "monthly_cra_report" not found; SQL statement:
insert into "monthly_cra_report" ("client_address","client_company","client_contact_email","client_contact_phone","client_contact_role","client_first_name","client_last_name","client_representative_name","client_signature_date","client_signature_image","created_at","month","provider_address","provider_company","provider_email","provider_first_name","provider_last_name","provider_phone","provider_signature_date","provider_signature_image","provider_signer_name","status","updated_at","validation_date","year","id") values (?,?,?,?,?,?,?,?,?,?,?,?,?,?,?,?,?,?,?,?,?,?,?,?,?,default) [42102-224]] [insert into "monthly_cra_report" ("client_address","client_company","client_contact_email","client_contact_phone","client_contact_role","client_first_name","client_last_name","client_representative_name","client_signature_date","client_signature_image","created_at","month","provider_address","provider_company","provider_email","provider_first_name","provider_last_name","provider_phone","provider_signature_date","provider_signature_image","provider_signer_name","status","updated_at","validation_date","year","id") values (?,?,?,?,?,?,?,?,?,?,?,?,?,?,?,?,?,?,?,?,?,?,?,?,?,default)]; SQL [insert into "monthly_cra_report" ("client_address","client_company","client_contact_email","client_contact_phone","client_contact_role","client_first_name","client_last_name","client_representative_name","client_signature_date","client_signature_image","created_at","month","provider_address","provider_company","provider_email","provider_first_name","provider_last_name","provider_phone","provider_signature_date","provider_signature_image","provider_signer_name","status","updated_at","validation_date","year","id") values (?,?,?,?,?,?,?,?,?,?,?,?,?,?,?,?,?,?,?,?,?,?,?,?,?,default)]
	at org.springframework.orm.jpa.vendor.HibernateJpaDialect.convertHibernateAccessException(HibernateJpaDialect.java:277)
	at org.springframework.orm.jpa.vendor.HibernateJpaDialect.translateExceptionIfPossible(HibernateJpaDialect.java:241)
	at org.springframework.orm.jpa.AbstractEntityManagerFactoryBean.translateExceptionIfPossible(AbstractEntityManagerFactoryBean.java:550)
	at org.springframework.dao.support.ChainedPersistenceExceptionTranslator.translateExceptionIfPossible(ChainedPersistenceExceptionTranslator.java:61)
	at org.springframework.dao.support.DataAccessUtils.translateIfNecessary(DataAccessUtils.java:335)
	at org.springframework.dao.support.PersistenceExceptionTranslationInterceptor.invoke(PersistenceExceptionTranslationInterceptor.java:152)
	at org.springframework.aop.framework.ReflectiveMethodInvocation.proceed(ReflectiveMethodInvocation.java:184)
	at org.springframework.data.jpa.repository.support.CrudMethodMetadataPostProcessor$CrudMethodMetadataPopulatingMethodInterceptor.invoke(CrudMethodMetadataPostProcessor.java:164)
	at org.springframework.aop.framework.ReflectiveMethodInvocation.proceed(ReflectiveMethodInvocation.java:184)
	at org.springframework.aop.interceptor.ExposeInvocationInterceptor.invoke(ExposeInvocationInterceptor.java:97)
	at org.springframework.aop.framework.ReflectiveMethodInvocation.proceed(ReflectiveMethodInvocation.java:184)
	at org.springframework.aop.framework.JdkDynamicAopProxy.invoke(JdkDynamicAopProxy.java:223)
	at jdk.proxy2/jdk.proxy2.$Proxy202.save(Unknown Source)
	at com.timizer.backend.cra.MonthlyCraReportRepositoryTest.findByMonthAndYearReturnsMatchingReport(MonthlyCraReportRepositoryTest.java:91)
	at java.base/java.lang.reflect.Method.invoke(Method.java:565)
	at java.base/java.util.ArrayList.forEach(ArrayList.java:1612)
	at java.base/java.util.ArrayList.forEach(ArrayList.java:1612)
Caused by: org.hibernate.exception.SQLGrammarException: could not prepare statement [Table "monthly_cra_report" non trouvée
Table "monthly_cra_report" not found; SQL statement:
insert into "monthly_cra_report" ("client_address","client_company","client_contact_email","client_contact_phone","client_contact_role","client_first_name","client_last_name","client_representative_name","client_signature_date","client_signature_image","created_at","month","provider_address","provider_company","provider_email","provider_first_name","provider_last_name","provider_phone","provider_signature_date","provider_signature_image","provider_signer_name","status","updated_at","validation_date","year","id") values (?,?,?,?,?,?,?,?,?,?,?,?,?,?,?,?,?,?,?,?,?,?,?,?,?,default) [42102-224]] [insert into "monthly_cra_report" ("client_address","client_company","client_contact_email","client_contact_phone","client_contact_role","client_first_name","client_last_name","client_representative_name","client_signature_date","client_signature_image","created_at","month","provider_address","provider_company","provider_email","provider_first_name","provider_last_name","provider_phone","provider_signature_date","provider_signature_image","provider_signer_name","status","updated_at","validation_date","year","id") values (?,?,?,?,?,?,?,?,?,?,?,?,?,?,?,?,?,?,?,?,?,?,?,?,?,default)]
	at org.hibernate.exception.internal.SQLExceptionTypeDelegate.convert(SQLExceptionTypeDelegate.java:66)
	at org.hibernate.exception.internal.StandardSQLExceptionConverter.convert(StandardSQLExceptionConverter.java:58)
	at org.hibernate.engine.jdbc.spi.SqlExceptionHelper.convert(SqlExceptionHelper.java:108)
	at org.hibernate.engine.jdbc.internal.MutationStatementPreparerImpl$StatementPreparationTemplate.prepareStatement(MutationStatementPreparerImpl.java:117)
	at org.hibernate.engine.jdbc.internal.MutationStatementPreparerImpl.prepareStatement(MutationStatementPreparerImpl.java:63)
	at org.hibernate.id.insert.GetGeneratedKeysDelegate.prepareStatement(GetGeneratedKeysDelegate.java:86)
	at org.hibernate.engine.jdbc.mutation.internal.ModelMutationHelper.lambda$identityPreparation$1(ModelMutationHelper.java:132)
	at org.hibernate.engine.jdbc.mutation.internal.PreparedStatementDetailsStandard.resolveStatement(PreparedStatementDetailsStandard.java:87)
	at org.hibernate.id.insert.GetGeneratedKeysDelegate.performInsert(GetGeneratedKeysDelegate.java:104)
	at org.hibernate.engine.jdbc.mutation.internal.MutationExecutorPostInsertSingleTable.execute(MutationExecutorPostInsertSingleTable.java:100)
	at org.hibernate.persister.entity.mutation.InsertCoordinator.doStaticInserts(InsertCoordinator.java:175)
	at org.hibernate.persister.entity.mutation.InsertCoordinator.coordinateInsert(InsertCoordinator.java:113)
	at org.hibernate.persister.entity.AbstractEntityPersister.insert(AbstractEntityPersister.java:2868)
	at org.hibernate.action.internal.EntityIdentityInsertAction.execute(EntityIdentityInsertAction.java:81)
	at org.hibernate.engine.spi.ActionQueue.execute(ActionQueue.java:670)
	at org.hibernate.engine.spi.ActionQueue.addResolvedEntityInsertAction(ActionQueue.java:291)
	at org.hibernate.engine.spi.ActionQueue.addInsertAction(ActionQueue.java:272)
	at org.hibernate.engine.spi.ActionQueue.addAction(ActionQueue.java:322)
	at org.hibernate.event.internal.AbstractSaveEventListener.addInsertAction(AbstractSaveEventListener.java:386)
	at org.hibernate.event.internal.AbstractSaveEventListener.performSaveOrReplicate(AbstractSaveEventListener.java:300)
	at org.hibernate.event.internal.AbstractSaveEventListener.performSave(AbstractSaveEventListener.java:219)
	at org.hibernate.event.internal.AbstractSaveEventListener.saveWithGeneratedId(AbstractSaveEventListener.java:134)
	at org.hibernate.event.internal.DefaultPersistEventListener.entityIsTransient(DefaultPersistEventListener.java:175)
	at org.hibernate.event.internal.DefaultPersistEventListener.persist(DefaultPersistEventListener.java:93)
	at org.hibernate.event.internal.DefaultPersistEventListener.onPersist(DefaultPersistEventListener.java:77)
	at org.hibernate.event.internal.DefaultPersistEventListener.onPersist(DefaultPersistEventListener.java:54)
	at org.hibernate.event.service.internal.EventListenerGroupImpl.fireEventOnEachListener(EventListenerGroupImpl.java:127)
	at org.hibernate.internal.SessionImpl.firePersist(SessionImpl.java:754)
	at org.hibernate.internal.SessionImpl.persist(SessionImpl.java:738)
	at java.base/jdk.internal.reflect.DirectMethodHandleAccessor.invoke(DirectMethodHandleAccessor.java:104)
	at java.base/java.lang.reflect.Method.invoke(Method.java:565)
	at org.springframework.orm.jpa.SharedEntityManagerCreator$SharedEntityManagerInvocationHandler.invoke(SharedEntityManagerCreator.java:319)
	at jdk.proxy2/jdk.proxy2.$Proxy199.persist(Unknown Source)
	at org.springframework.data.jpa.repository.support.SimpleJpaRepository.save(SimpleJpaRepository.java:618)
	at java.base/jdk.internal.reflect.DirectMethodHandleAccessor.invoke(DirectMethodHandleAccessor.java:104)
	at java.base/java.lang.reflect.Method.invoke(Method.java:565)
	at org.springframework.aop.support.AopUtils.invokeJoinpointUsingReflection(AopUtils.java:354)
	at org.springframework.data.repository.core.support.RepositoryMethodInvoker$RepositoryFragmentMethodInvoker.lambda$new$0(RepositoryMethodInvoker.java:277)
	at org.springframework.data.repository.core.support.RepositoryMethodInvoker.doInvoke(RepositoryMethodInvoker.java:170)
	at org.springframework.data.repository.core.support.RepositoryMethodInvoker.invoke(RepositoryMethodInvoker.java:158)
	at org.springframework.data.repository.core.support.RepositoryComposition$RepositoryFragments.invoke(RepositoryComposition.java:516)
	at org.springframework.data.repository.core.support.RepositoryComposition.invoke(RepositoryComposition.java:285)
	at org.springframework.data.repository.core.support.RepositoryFactorySupport$ImplementationMethodExecutionInterceptor.invoke(RepositoryFactorySupport.java:628)
	at org.springframework.aop.framework.ReflectiveMethodInvocation.proceed(ReflectiveMethodInvocation.java:184)
	at org.springframework.data.repository.core.support.QueryExecutorMethodInterceptor.doInvoke(QueryExecutorMethodInterceptor.java:168)
	at org.springframework.data.repository.core.support.QueryExecutorMethodInterceptor.invoke(QueryExecutorMethodInterceptor.java:143)
	at org.springframework.aop.framework.ReflectiveMethodInvocation.proceed(ReflectiveMethodInvocation.java:184)
	at org.springframework.data.projection.DefaultMethodInvokingMethodInterceptor.invoke(DefaultMethodInvokingMethodInterceptor.java:70)
	at org.springframework.aop.framework.ReflectiveMethodInvocation.proceed(ReflectiveMethodInvocation.java:184)
	at org.springframework.transaction.interceptor.TransactionInterceptor$1.proceedWithInvocation(TransactionInterceptor.java:123)
	at org.springframework.transaction.interceptor.TransactionAspectSupport.invokeWithinTransaction(TransactionAspectSupport.java:392)
	at org.springframework.transaction.interceptor.TransactionInterceptor.invoke(TransactionInterceptor.java:119)
	at org.springframework.aop.framework.ReflectiveMethodInvocation.proceed(ReflectiveMethodInvocation.java:184)
	at org.springframework.dao.support.PersistenceExceptionTranslationInterceptor.invoke(PersistenceExceptionTranslationInterceptor.java:137)
	... 11 more
Caused by: org.h2.jdbc.JdbcSQLSyntaxErrorException: Table "monthly_cra_report" non trouvée
Table "monthly_cra_report" not found; SQL statement:
insert into "monthly_cra_report" ("client_address","client_company","client_contact_email","client_contact_phone","client_contact_role","client_first_name","client_last_name","client_representative_name","client_signature_date","client_signature_image","created_at","month","provider_address","provider_company","provider_email","provider_first_name","provider_last_name","provider_phone","provider_signature_date","provider_signature_image","provider_signer_name","status","updated_at","validation_date","year","id") values (?,?,?,?,?,?,?,?,?,?,?,?,?,?,?,?,?,?,?,?,?,?,?,?,?,default) [42102-224]
	at org.h2.message.DbException.getJdbcSQLException(DbException.java:514)
	at org.h2.message.DbException.getJdbcSQLException(DbException.java:489)
	at org.h2.message.DbException.get(DbException.java:223)
	at org.h2.message.DbException.get(DbException.java:199)
	at org.h2.command.Parser.getTableOrViewNotFoundDbException(Parser.java:8064)
	at org.h2.command.Parser.getTableOrViewNotFoundDbException(Parser.java:8035)
	at org.h2.command.Parser.readTableOrView(Parser.java:8024)
	at org.h2.command.Parser.readTableOrView(Parser.java:7990)
	at org.h2.command.Parser.parseInsert(Parser.java:1540)
	at org.h2.command.Parser.parsePrepared(Parser.java:719)
	at org.h2.command.Parser.parse(Parser.java:592)
	at org.h2.command.Parser.parse(Parser.java:564)
	at org.h2.command.Parser.prepareCommand(Parser.java:483)
	at org.h2.engine.SessionLocal.prepareLocal(SessionLocal.java:639)
	at org.h2.engine.SessionLocal.prepareCommand(SessionLocal.java:559)
	at org.h2.jdbc.JdbcConnection.prepareCommand(JdbcConnection.java:1166)
	at org.h2.jdbc.JdbcPreparedStatement.<init>(JdbcPreparedStatement.java:93)
	at org.h2.jdbc.JdbcConnection.prepareStatement(JdbcConnection.java:1094)
	at org.hibernate.engine.jdbc.internal.MutationStatementPreparerImpl$2.doPrepare(MutationStatementPreparerImpl.java:61)
	at org.hibernate.engine.jdbc.internal.MutationStatementPreparerImpl$StatementPreparationTemplate.prepareStatement(MutationStatementPreparerImpl.java:106)
	... 61 more
]]></error>
    <system-out><![CDATA[2026-07-31T19:07:32.931+02:00  INFO 1949 --- [           main] t.c.s.AnnotationConfigContextLoaderUtils : Could not detect default configuration classes for test class [com.timizer.backend.cra.MonthlyCraReportRepositoryTest]: MonthlyCraReportRepositoryTest does not declare any static, non-private, non-final, nested classes annotated with @Configuration.
2026-07-31T19:07:32.933+02:00  INFO 1949 --- [           main] .b.t.c.SpringBootTestContextBootstrapper : Found @SpringBootConfiguration com.timizer.backend.cra.JpaTestConfig for test class com.timizer.backend.cra.MonthlyCraReportRepositoryTest
Hibernate: insert into "monthly_cra_report" ("client_address","client_company","client_contact_email","client_contact_phone","client_contact_role","client_first_name","client_last_name","client_representative_name","client_signature_date","client_signature_image","created_at","month","provider_address","provider_company","provider_email","provider_first_name","provider_last_name","provider_phone","provider_signature_date","provider_signature_image","provider_signer_name","status","updated_at","validation_date","year","id") values (?,?,?,?,?,?,?,?,?,?,?,?,?,?,?,?,?,?,?,?,?,?,?,?,?,default)
2026-07-31T19:07:32.937+02:00  WARN 1949 --- [           main] o.h.engine.jdbc.spi.SqlExceptionHelper   : SQL Error: 42102, SQLState: 42S02
2026-07-31T19:07:32.937+02:00 ERROR 1949 --- [           main] o.h.engine.jdbc.spi.SqlExceptionHelper   : Table "monthly_cra_report" non trouvée
Table "monthly_cra_report" not found; SQL statement:
insert into "monthly_cra_report" ("client_address","client_company","client_contact_email","client_contact_phone","client_contact_role","client_first_name","client_last_name","client_representative_name","client_signature_date","client_signature_image","created_at","month","provider_address","provider_company","provider_email","provider_first_name","provider_last_name","provider_phone","provider_signature_date","provider_signature_image","provider_signer_name","status","updated_at","validation_date","year","id") values (?,?,?,?,?,?,?,?,?,?,?,?,?,?,?,?,?,?,?,?,?,?,?,?,?,default) [42102-224]
]]></system-out>
  </testcase>
  <testcase name="findByIdReturnsReportWithDayEntries" classname="com.timizer.backend.cra.MonthlyCraReportRepositoryTest" time="0.002">
    <error message="could not prepare statement [Table &quot;monthly_cra_report&quot; non trouvée&#10;Table &quot;monthly_cra_report&quot; not found; SQL statement:&#10;insert into &quot;monthly_cra_report&quot; (&quot;client_address&quot;,&quot;client_company&quot;,&quot;client_contact_email&quot;,&quot;client_contact_phone&quot;,&quot;client_contact_role&quot;,&quot;client_first_name&quot;,&quot;client_last_name&quot;,&quot;client_representative_name&quot;,&quot;client_signature_date&quot;,&quot;client_signature_image&quot;,&quot;created_at&quot;,&quot;month&quot;,&quot;provider_address&quot;,&quot;provider_company&quot;,&quot;provider_email&quot;,&quot;provider_first_name&quot;,&quot;provider_last_name&quot;,&quot;provider_phone&quot;,&quot;provider_signature_date&quot;,&quot;provider_signature_image&quot;,&quot;provider_signer_name&quot;,&quot;status&quot;,&quot;updated_at&quot;,&quot;validation_date&quot;,&quot;year&quot;,&quot;id&quot;) values (?,?,?,?,?,?,?,?,?,?,?,?,?,?,?,?,?,?,?,?,?,?,?,?,?,default) [42102-224]] [insert into &quot;monthly_cra_report&quot; (&quot;client_address&quot;,&quot;client_company&quot;,&quot;client_contact_email&quot;,&quot;client_contact_phone&quot;,&quot;client_contact_role&quot;,&quot;client_first_name&quot;,&quot;client_last_name&quot;,&quot;client_representative_name&quot;,&quot;client_signature_date&quot;,&quot;client_signature_image&quot;,&quot;created_at&quot;,&quot;month&quot;,&quot;provider_address&quot;,&quot;provider_company&quot;,&quot;provider_email&quot;,&quot;provider_first_name&quot;,&quot;provider_last_name&quot;,&quot;provider_phone&quot;,&quot;provider_signature_date&quot;,&quot;provider_signature_image&quot;,&quot;provider_signer_name&quot;,&quot;status&quot;,&quot;updated_at&quot;,&quot;validation_date&quot;,&quot;year&quot;,&quot;id&quot;) values (?,?,?,?,?,?,?,?,?,?,?,?,?,?,?,?,?,?,?,?,?,?,?,?,?,default)]; SQL [insert into &quot;monthly_cra_report&quot; (&quot;client_address&quot;,&quot;client_company&quot;,&quot;client_contact_email&quot;,&quot;client_contact_phone&quot;,&quot;client_contact_role&quot;,&quot;client_first_name&quot;,&quot;client_last_name&quot;,&quot;client_representative_name&quot;,&quot;client_signature_date&quot;,&quot;client_signature_image&quot;,&quot;created_at&quot;,&quot;month&quot;,&quot;provider_address&quot;,&quot;provider_company&quot;,&quot;provider_email&quot;,&quot;provider_first_name&quot;,&quot;provider_last_name&quot;,&quot;provider_phone&quot;,&quot;provider_signature_date&quot;,&quot;provider_signature_image&quot;,&quot;provider_signer_name&quot;,&quot;status&quot;,&quot;updated_at&quot;,&quot;validation_date&quot;,&quot;year&quot;,&quot;id&quot;) values (?,?,?,?,?,?,?,?,?,?,?,?,?,?,?,?,?,?,?,?,?,?,?,?,?,default)]" type="org.springframework.dao.InvalidDataAccessResourceUsageException"><![CDATA[org.springframework.dao.InvalidDataAccessResourceUsageException: 
could not prepare statement [Table "monthly_cra_report" non trouvée
Table "monthly_cra_report" not found; SQL statement:
insert into "monthly_cra_report" ("client_address","client_company","client_contact_email","client_contact_phone","client_contact_role","client_first_name","client_last_name","client_representative_name","client_signature_date","client_signature_image","created_at","month","provider_address","provider_company","provider_email","provider_first_name","provider_last_name","provider_phone","provider_signature_date","provider_signature_image","provider_signer_name","status","updated_at","validation_date","year","id") values (?,?,?,?,?,?,?,?,?,?,?,?,?,?,?,?,?,?,?,?,?,?,?,?,?,default) [42102-224]] [insert into "monthly_cra_report" ("client_address","client_company","client_contact_email","client_contact_phone","client_contact_role","client_first_name","client_last_name","client_representative_name","client_signature_date","client_signature_image","created_at","month","provider_address","provider_company","provider_email","provider_first_name","provider_last_name","provider_phone","provider_signature_date","provider_signature_image","provider_signer_name","status","updated_at","validation_date","year","id") values (?,?,?,?,?,?,?,?,?,?,?,?,?,?,?,?,?,?,?,?,?,?,?,?,?,default)]; SQL [insert into "monthly_cra_report" ("client_address","client_company","client_contact_email","client_contact_phone","client_contact_role","client_first_name","client_last_name","client_representative_name","client_signature_date","client_signature_image","created_at","month","provider_address","provider_company","provider_email","provider_first_name","provider_last_name","provider_phone","provider_signature_date","provider_signature_image","provider_signer_name","status","updated_at","validation_date","year","id") values (?,?,?,?,?,?,?,?,?,?,?,?,?,?,?,?,?,?,?,?,?,?,?,?,?,default)]
	at org.springframework.orm.jpa.vendor.HibernateJpaDialect.convertHibernateAccessException(HibernateJpaDialect.java:277)
	at org.springframework.orm.jpa.vendor.HibernateJpaDialect.translateExceptionIfPossible(HibernateJpaDialect.java:241)
	at org.springframework.orm.jpa.AbstractEntityManagerFactoryBean.translateExceptionIfPossible(AbstractEntityManagerFactoryBean.java:550)
	at org.springframework.dao.support.ChainedPersistenceExceptionTranslator.translateExceptionIfPossible(ChainedPersistenceExceptionTranslator.java:61)
	at org.springframework.dao.support.DataAccessUtils.translateIfNecessary(DataAccessUtils.java:335)
	at org.springframework.dao.support.PersistenceExceptionTranslationInterceptor.invoke(PersistenceExceptionTranslationInterceptor.java:152)
	at org.springframework.aop.framework.ReflectiveMethodInvocation.proceed(ReflectiveMethodInvocation.java:184)
	at org.springframework.data.jpa.repository.support.CrudMethodMetadataPostProcessor$CrudMethodMetadataPopulatingMethodInterceptor.invoke(CrudMethodMetadataPostProcessor.java:164)
	at org.springframework.aop.framework.ReflectiveMethodInvocation.proceed(ReflectiveMethodInvocation.java:184)
	at org.springframework.aop.interceptor.ExposeInvocationInterceptor.invoke(ExposeInvocationInterceptor.java:97)
	at org.springframework.aop.framework.ReflectiveMethodInvocation.proceed(ReflectiveMethodInvocation.java:184)
	at org.springframework.aop.framework.JdkDynamicAopProxy.invoke(JdkDynamicAopProxy.java:223)
	at jdk.proxy2/jdk.proxy2.$Proxy202.save(Unknown Source)
	at com.timizer.backend.cra.MonthlyCraReportRepositoryTest.findByIdReturnsReportWithDayEntries(MonthlyCraReportRepositoryTest.java:76)
	at java.base/java.lang.reflect.Method.invoke(Method.java:565)
	at java.base/java.util.ArrayList.forEach(ArrayList.java:1612)
	at java.base/java.util.ArrayList.forEach(ArrayList.java:1612)
Caused by: org.hibernate.exception.SQLGrammarException: could not prepare statement [Table "monthly_cra_report" non trouvée
Table "monthly_cra_report" not found; SQL statement:
insert into "monthly_cra_report" ("client_address","client_company","client_contact_email","client_contact_phone","client_contact_role","client_first_name","client_last_name","client_representative_name","client_signature_date","client_signature_image","created_at","month","provider_address","provider_company","provider_email","provider_first_name","provider_last_name","provider_phone","provider_signature_date","provider_signature_image","provider_signer_name","status","updated_at","validation_date","year","id") values (?,?,?,?,?,?,?,?,?,?,?,?,?,?,?,?,?,?,?,?,?,?,?,?,?,default) [42102-224]] [insert into "monthly_cra_report" ("client_address","client_company","client_contact_email","client_contact_phone","client_contact_role","client_first_name","client_last_name","client_representative_name","client_signature_date","client_signature_image","created_at","month","provider_address","provider_company","provider_email","provider_first_name","provider_last_name","provider_phone","provider_signature_date","provider_signature_image","provider_signer_name","status","updated_at","validation_date","year","id") values (?,?,?,?,?,?,?,?,?,?,?,?,?,?,?,?,?,?,?,?,?,?,?,?,?,default)]
	at org.hibernate.exception.internal.SQLExceptionTypeDelegate.convert(SQLExceptionTypeDelegate.java:66)
	at org.hibernate.exception.internal.StandardSQLExceptionConverter.convert(StandardSQLExceptionConverter.java:58)
	at org.hibernate.engine.jdbc.spi.SqlExceptionHelper.convert(SqlExceptionHelper.java:108)
	at org.hibernate.engine.jdbc.internal.MutationStatementPreparerImpl$StatementPreparationTemplate.prepareStatement(MutationStatementPreparerImpl.java:117)
	at org.hibernate.engine.jdbc.internal.MutationStatementPreparerImpl.prepareStatement(MutationStatementPreparerImpl.java:63)
	at org.hibernate.id.insert.GetGeneratedKeysDelegate.prepareStatement(GetGeneratedKeysDelegate.java:86)
	at org.hibernate.engine.jdbc.mutation.internal.ModelMutationHelper.lambda$identityPreparation$1(ModelMutationHelper.java:132)
	at org.hibernate.engine.jdbc.mutation.internal.PreparedStatementDetailsStandard.resolveStatement(PreparedStatementDetailsStandard.java:87)
	at org.hibernate.id.insert.GetGeneratedKeysDelegate.performInsert(GetGeneratedKeysDelegate.java:104)
	at org.hibernate.engine.jdbc.mutation.internal.MutationExecutorPostInsertSingleTable.execute(MutationExecutorPostInsertSingleTable.java:100)
	at org.hibernate.persister.entity.mutation.InsertCoordinator.doStaticInserts(InsertCoordinator.java:175)
	at org.hibernate.persister.entity.mutation.InsertCoordinator.coordinateInsert(InsertCoordinator.java:113)
	at org.hibernate.persister.entity.AbstractEntityPersister.insert(AbstractEntityPersister.java:2868)
	at org.hibernate.action.internal.EntityIdentityInsertAction.execute(EntityIdentityInsertAction.java:81)
	at org.hibernate.engine.spi.ActionQueue.execute(ActionQueue.java:670)
	at org.hibernate.engine.spi.ActionQueue.addResolvedEntityInsertAction(ActionQueue.java:291)
	at org.hibernate.engine.spi.ActionQueue.addInsertAction(ActionQueue.java:272)
	at org.hibernate.engine.spi.ActionQueue.addAction(ActionQueue.java:322)
	at org.hibernate.event.internal.AbstractSaveEventListener.addInsertAction(AbstractSaveEventListener.java:386)
	at org.hibernate.event.internal.AbstractSaveEventListener.performSaveOrReplicate(AbstractSaveEventListener.java:300)
	at org.hibernate.event.internal.AbstractSaveEventListener.performSave(AbstractSaveEventListener.java:219)
	at org.hibernate.event.internal.AbstractSaveEventListener.saveWithGeneratedId(AbstractSaveEventListener.java:134)
	at org.hibernate.event.internal.DefaultPersistEventListener.entityIsTransient(DefaultPersistEventListener.java:175)
	at org.hibernate.event.internal.DefaultPersistEventListener.persist(DefaultPersistEventListener.java:93)
	at org.hibernate.event.internal.DefaultPersistEventListener.onPersist(DefaultPersistEventListener.java:77)
	at org.hibernate.event.internal.DefaultPersistEventListener.onPersist(DefaultPersistEventListener.java:54)
	at org.hibernate.event.service.internal.EventListenerGroupImpl.fireEventOnEachListener(EventListenerGroupImpl.java:127)
	at org.hibernate.internal.SessionImpl.firePersist(SessionImpl.java:754)
	at org.hibernate.internal.SessionImpl.persist(SessionImpl.java:738)
	at java.base/jdk.internal.reflect.DirectMethodHandleAccessor.invoke(DirectMethodHandleAccessor.java:104)
	at java.base/java.lang.reflect.Method.invoke(Method.java:565)
	at org.springframework.orm.jpa.SharedEntityManagerCreator$SharedEntityManagerInvocationHandler.invoke(SharedEntityManagerCreator.java:319)
	at jdk.proxy2/jdk.proxy2.$Proxy199.persist(Unknown Source)
	at org.springframework.data.jpa.repository.support.SimpleJpaRepository.save(SimpleJpaRepository.java:618)
	at java.base/jdk.internal.reflect.DirectMethodHandleAccessor.invoke(DirectMethodHandleAccessor.java:104)
	at java.base/java.lang.reflect.Method.invoke(Method.java:565)
	at org.springframework.aop.support.AopUtils.invokeJoinpointUsingReflection(AopUtils.java:354)
	at org.springframework.data.repository.core.support.RepositoryMethodInvoker$RepositoryFragmentMethodInvoker.lambda$new$0(RepositoryMethodInvoker.java:277)
	at org.springframework.data.repository.core.support.RepositoryMethodInvoker.doInvoke(RepositoryMethodInvoker.java:170)
	at org.springframework.data.repository.core.support.RepositoryMethodInvoker.invoke(RepositoryMethodInvoker.java:158)
	at org.springframework.data.repository.core.support.RepositoryComposition$RepositoryFragments.invoke(RepositoryComposition.java:516)
	at org.springframework.data.repository.core.support.RepositoryComposition.invoke(RepositoryComposition.java:285)
	at org.springframework.data.repository.core.support.RepositoryFactorySupport$ImplementationMethodExecutionInterceptor.invoke(RepositoryFactorySupport.java:628)
	at org.springframework.aop.framework.ReflectiveMethodInvocation.proceed(ReflectiveMethodInvocation.java:184)
	at org.springframework.data.repository.core.support.QueryExecutorMethodInterceptor.doInvoke(QueryExecutorMethodInterceptor.java:168)
	at org.springframework.data.repository.core.support.QueryExecutorMethodInterceptor.invoke(QueryExecutorMethodInterceptor.java:143)
	at org.springframework.aop.framework.ReflectiveMethodInvocation.proceed(ReflectiveMethodInvocation.java:184)
	at org.springframework.data.projection.DefaultMethodInvokingMethodInterceptor.invoke(DefaultMethodInvokingMethodInterceptor.java:70)
	at org.springframework.aop.framework.ReflectiveMethodInvocation.proceed(ReflectiveMethodInvocation.java:184)
	at org.springframework.transaction.interceptor.TransactionInterceptor$1.proceedWithInvocation(TransactionInterceptor.java:123)
	at org.springframework.transaction.interceptor.TransactionAspectSupport.invokeWithinTransaction(TransactionAspectSupport.java:392)
	at org.springframework.transaction.interceptor.TransactionInterceptor.invoke(TransactionInterceptor.java:119)
	at org.springframework.aop.framework.ReflectiveMethodInvocation.proceed(ReflectiveMethodInvocation.java:184)
	at org.springframework.dao.support.PersistenceExceptionTranslationInterceptor.invoke(PersistenceExceptionTranslationInterceptor.java:137)
	... 11 more
Caused by: org.h2.jdbc.JdbcSQLSyntaxErrorException: Table "monthly_cra_report" non trouvée
Table "monthly_cra_report" not found; SQL statement:
insert into "monthly_cra_report" ("client_address","client_company","client_contact_email","client_contact_phone","client_contact_role","client_first_name","client_last_name","client_representative_name","client_signature_date","client_signature_image","created_at","month","provider_address","provider_company","provider_email","provider_first_name","provider_last_name","provider_phone","provider_signature_date","provider_signature_image","provider_signer_name","status","updated_at","validation_date","year","id") values (?,?,?,?,?,?,?,?,?,?,?,?,?,?,?,?,?,?,?,?,?,?,?,?,?,default) [42102-224]
	at org.h2.message.DbException.getJdbcSQLException(DbException.java:514)
	at org.h2.message.DbException.getJdbcSQLException(DbException.java:489)
	at org.h2.message.DbException.get(DbException.java:223)
	at org.h2.message.DbException.get(DbException.java:199)
	at org.h2.command.Parser.getTableOrViewNotFoundDbException(Parser.java:8064)
	at org.h2.command.Parser.getTableOrViewNotFoundDbException(Parser.java:8035)
	at org.h2.command.Parser.readTableOrView(Parser.java:8024)
	at org.h2.command.Parser.readTableOrView(Parser.java:7990)
	at org.h2.command.Parser.parseInsert(Parser.java:1540)
	at org.h2.command.Parser.parsePrepared(Parser.java:719)
	at org.h2.command.Parser.parse(Parser.java:592)
	at org.h2.command.Parser.parse(Parser.java:564)
	at org.h2.command.Parser.prepareCommand(Parser.java:483)
	at org.h2.engine.SessionLocal.prepareLocal(SessionLocal.java:639)
	at org.h2.engine.SessionLocal.prepareCommand(SessionLocal.java:559)
	at org.h2.jdbc.JdbcConnection.prepareCommand(JdbcConnection.java:1166)
	at org.h2.jdbc.JdbcPreparedStatement.<init>(JdbcPreparedStatement.java:93)
	at org.h2.jdbc.JdbcConnection.prepareStatement(JdbcConnection.java:1094)
	at org.hibernate.engine.jdbc.internal.MutationStatementPreparerImpl$2.doPrepare(MutationStatementPreparerImpl.java:61)
	at org.hibernate.engine.jdbc.internal.MutationStatementPreparerImpl$StatementPreparationTemplate.prepareStatement(MutationStatementPreparerImpl.java:106)
	... 61 more
]]></error>
    <system-out><![CDATA[Hibernate: insert into "monthly_cra_report" ("client_address","client_company","client_contact_email","client_contact_phone","client_contact_role","client_first_name","client_last_name","client_representative_name","client_signature_date","client_signature_image","created_at","month","provider_address","provider_company","provider_email","provider_first_name","provider_last_name","provider_phone","provider_signature_date","provider_signature_image","provider_signer_name","status","updated_at","validation_date","year","id") values (?,?,?,?,?,?,?,?,?,?,?,?,?,?,?,?,?,?,?,?,?,?,?,?,?,default)
2026-07-31T19:07:32.940+02:00  WARN 1949 --- [           main] o.h.engine.jdbc.spi.SqlExceptionHelper   : SQL Error: 42102, SQLState: 42S02
2026-07-31T19:07:32.940+02:00 ERROR 1949 --- [           main] o.h.engine.jdbc.spi.SqlExceptionHelper   : Table "monthly_cra_report" non trouvée
Table "monthly_cra_report" not found; SQL statement:
insert into "monthly_cra_report" ("client_address","client_company","client_contact_email","client_contact_phone","client_contact_role","client_first_name","client_last_name","client_representative_name","client_signature_date","client_signature_image","created_at","month","provider_address","provider_company","provider_email","provider_first_name","provider_last_name","provider_phone","provider_signature_date","provider_signature_image","provider_signer_name","status","updated_at","validation_date","year","id") values (?,?,?,?,?,?,?,?,?,?,?,?,?,?,?,?,?,?,?,?,?,?,?,?,?,default) [42102-224]
]]></system-out>
  </testcase>
  <testcase name="findByMonthAndYearReturnsEmptyWhenNoMatch" classname="com.timizer.backend.cra.MonthlyCraReportRepositoryTest" time="0.003">
    <error message="could not prepare statement [Table &quot;monthly_cra_report&quot; non trouvée&#10;Table &quot;monthly_cra_report&quot; not found; SQL statement:&#10;select mcr1_0.&quot;id&quot;,mcr1_0.&quot;client_address&quot;,mcr1_0.&quot;client_company&quot;,mcr1_0.&quot;client_contact_email&quot;,mcr1_0.&quot;client_contact_phone&quot;,mcr1_0.&quot;client_contact_role&quot;,mcr1_0.&quot;client_first_name&quot;,mcr1_0.&quot;client_last_name&quot;,mcr1_0.&quot;client_representative_name&quot;,mcr1_0.&quot;client_signature_date&quot;,mcr1_0.&quot;client_signature_image&quot;,mcr1_0.&quot;created_at&quot;,mcr1_0.&quot;month&quot;,mcr1_0.&quot;provider_address&quot;,mcr1_0.&quot;provider_company&quot;,mcr1_0.&quot;provider_email&quot;,mcr1_0.&quot;provider_first_name&quot;,mcr1_0.&quot;provider_last_name&quot;,mcr1_0.&quot;provider_phone&quot;,mcr1_0.&quot;provider_signature_date&quot;,mcr1_0.&quot;provider_signature_image&quot;,mcr1_0.&quot;provider_signer_name&quot;,mcr1_0.&quot;status&quot;,mcr1_0.&quot;updated_at&quot;,mcr1_0.&quot;validation_date&quot;,mcr1_0.&quot;year&quot; from &quot;monthly_cra_report&quot; mcr1_0 where mcr1_0.&quot;month&quot;=? and mcr1_0.&quot;year&quot;=? [42102-224]] [select mcr1_0.&quot;id&quot;,mcr1_0.&quot;client_address&quot;,mcr1_0.&quot;client_company&quot;,mcr1_0.&quot;client_contact_email&quot;,mcr1_0.&quot;client_contact_phone&quot;,mcr1_0.&quot;client_contact_role&quot;,mcr1_0.&quot;client_first_name&quot;,mcr1_0.&quot;client_last_name&quot;,mcr1_0.&quot;client_representative_name&quot;,mcr1_0.&quot;client_signature_date&quot;,mcr1_0.&quot;client_signature_image&quot;,mcr1_0.&quot;created_at&quot;,mcr1_0.&quot;month&quot;,mcr1_0.&quot;provider_address&quot;,mcr1_0.&quot;provider_company&quot;,mcr1_0.&quot;provider_email&quot;,mcr1_0.&quot;provider_first_name&quot;,mcr1_0.&quot;provider_last_name&quot;,mcr1_0.&quot;provider_phone&quot;,mcr1_0.&quot;provider_signature_date&quot;,mcr1_0.&quot;provider_signature_image&quot;,mcr1_0.&quot;provider_signer_name&quot;,mcr1_0.&quot;status&quot;,mcr1_0.&quot;updated_at&quot;,mcr1_0.&quot;validation_date&quot;,mcr1_0.&quot;year&quot; from &quot;monthly_cra_report&quot; mcr1_0 where mcr1_0.&quot;month&quot;=? and mcr1_0.&quot;year&quot;=?]; SQL [select mcr1_0.&quot;id&quot;,mcr1_0.&quot;client_address&quot;,mcr1_0.&quot;client_company&quot;,mcr1_0.&quot;client_contact_email&quot;,mcr1_0.&quot;client_contact_phone&quot;,mcr1_0.&quot;client_contact_role&quot;,mcr1_0.&quot;client_first_name&quot;,mcr1_0.&quot;client_last_name&quot;,mcr1_0.&quot;client_representative_name&quot;,mcr1_0.&quot;client_signature_date&quot;,mcr1_0.&quot;client_signature_image&quot;,mcr1_0.&quot;created_at&quot;,mcr1_0.&quot;month&quot;,mcr1_0.&quot;provider_address&quot;,mcr1_0.&quot;provider_company&quot;,mcr1_0.&quot;provider_email&quot;,mcr1_0.&quot;provider_first_name&quot;,mcr1_0.&quot;provider_last_name&quot;,mcr1_0.&quot;provider_phone&quot;,mcr1_0.&quot;provider_signature_date&quot;,mcr1_0.&quot;provider_signature_image&quot;,mcr1_0.&quot;provider_signer_name&quot;,mcr1_0.&quot;status&quot;,mcr1_0.&quot;updated_at&quot;,mcr1_0.&quot;validation_date&quot;,mcr1_0.&quot;year&quot; from &quot;monthly_cra_report&quot; mcr1_0 where mcr1_0.&quot;month&quot;=? and mcr1_0.&quot;year&quot;=?]" type="org.springframework.dao.InvalidDataAccessResourceUsageException"><![CDATA[org.springframework.dao.InvalidDataAccessResourceUsageException: 
could not prepare statement [Table "monthly_cra_report" non trouvée
Table "monthly_cra_report" not found; SQL statement:
select mcr1_0."id",mcr1_0."client_address",mcr1_0."client_company",mcr1_0."client_contact_email",mcr1_0."client_contact_phone",mcr1_0."client_contact_role",mcr1_0."client_first_name",mcr1_0."client_last_name",mcr1_0."client_representative_name",mcr1_0."client_signature_date",mcr1_0."client_signature_image",mcr1_0."created_at",mcr1_0."month",mcr1_0."provider_address",mcr1_0."provider_company",mcr1_0."provider_email",mcr1_0."provider_first_name",mcr1_0."provider_last_name",mcr1_0."provider_phone",mcr1_0."provider_signature_date",mcr1_0."provider_signature_image",mcr1_0."provider_signer_name",mcr1_0."status",mcr1_0."updated_at",mcr1_0."validation_date",mcr1_0."year" from "monthly_cra_report" mcr1_0 where mcr1_0."month"=? and mcr1_0."year"=? [42102-224]] [select mcr1_0."id",mcr1_0."client_address",mcr1_0."client_company",mcr1_0."client_contact_email",mcr1_0."client_contact_phone",mcr1_0."client_contact_role",mcr1_0."client_first_name",mcr1_0."client_last_name",mcr1_0."client_representative_name",mcr1_0."client_signature_date",mcr1_0."client_signature_image",mcr1_0."created_at",mcr1_0."month",mcr1_0."provider_address",mcr1_0."provider_company",mcr1_0."provider_email",mcr1_0."provider_first_name",mcr1_0."provider_last_name",mcr1_0."provider_phone",mcr1_0."provider_signature_date",mcr1_0."provider_signature_image",mcr1_0."provider_signer_name",mcr1_0."status",mcr1_0."updated_at",mcr1_0."validation_date",mcr1_0."year" from "monthly_cra_report" mcr1_0 where mcr1_0."month"=? and mcr1_0."year"=?]; SQL [select mcr1_0."id",mcr1_0."client_address",mcr1_0."client_company",mcr1_0."client_contact_email",mcr1_0."client_contact_phone",mcr1_0."client_contact_role",mcr1_0."client_first_name",mcr1_0."client_last_name",mcr1_0."client_representative_name",mcr1_0."client_signature_date",mcr1_0."client_signature_image",mcr1_0."created_at",mcr1_0."month",mcr1_0."provider_address",mcr1_0."provider_company",mcr1_0."provider_email",mcr1_0."provider_first_name",mcr1_0."provider_last_name",mcr1_0."provider_phone",mcr1_0."provider_signature_date",mcr1_0."provider_signature_image",mcr1_0."provider_signer_name",mcr1_0."status",mcr1_0."updated_at",mcr1_0."validation_date",mcr1_0."year" from "monthly_cra_report" mcr1_0 where mcr1_0."month"=? and mcr1_0."year"=?]
	at org.springframework.orm.jpa.vendor.HibernateJpaDialect.convertHibernateAccessException(HibernateJpaDialect.java:277)
	at org.springframework.orm.jpa.vendor.HibernateJpaDialect.translateExceptionIfPossible(HibernateJpaDialect.java:241)
	at org.springframework.orm.jpa.AbstractEntityManagerFactoryBean.translateExceptionIfPossible(AbstractEntityManagerFactoryBean.java:550)
	at org.springframework.dao.support.ChainedPersistenceExceptionTranslator.translateExceptionIfPossible(ChainedPersistenceExceptionTranslator.java:61)
	at org.springframework.dao.support.DataAccessUtils.translateIfNecessary(DataAccessUtils.java:335)
	at org.springframework.dao.support.PersistenceExceptionTranslationInterceptor.invoke(PersistenceExceptionTranslationInterceptor.java:152)
	at org.springframework.aop.framework.ReflectiveMethodInvocation.proceed(ReflectiveMethodInvocation.java:184)
	at org.springframework.data.jpa.repository.support.CrudMethodMetadataPostProcessor$CrudMethodMetadataPopulatingMethodInterceptor.invoke(CrudMethodMetadataPostProcessor.java:135)
	at org.springframework.aop.framework.ReflectiveMethodInvocation.proceed(ReflectiveMethodInvocation.java:184)
	at org.springframework.aop.interceptor.ExposeInvocationInterceptor.invoke(ExposeInvocationInterceptor.java:97)
	at org.springframework.aop.framework.ReflectiveMethodInvocation.proceed(ReflectiveMethodInvocation.java:184)
	at org.springframework.aop.framework.JdkDynamicAopProxy.invoke(JdkDynamicAopProxy.java:223)
	at jdk.proxy2/jdk.proxy2.$Proxy202.findByMonthAndYear(Unknown Source)
	at com.timizer.backend.cra.MonthlyCraReportRepositoryTest.findByMonthAndYearReturnsEmptyWhenNoMatch(MonthlyCraReportRepositoryTest.java:104)
	at java.base/java.lang.reflect.Method.invoke(Method.java:565)
	at java.base/java.util.ArrayList.forEach(ArrayList.java:1612)
	at java.base/java.util.ArrayList.forEach(ArrayList.java:1612)
Caused by: org.hibernate.exception.SQLGrammarException: could not prepare statement [Table "monthly_cra_report" non trouvée
Table "monthly_cra_report" not found; SQL statement:
select mcr1_0."id",mcr1_0."client_address",mcr1_0."client_company",mcr1_0."client_contact_email",mcr1_0."client_contact_phone",mcr1_0."client_contact_role",mcr1_0."client_first_name",mcr1_0."client_last_name",mcr1_0."client_representative_name",mcr1_0."client_signature_date",mcr1_0."client_signature_image",mcr1_0."created_at",mcr1_0."month",mcr1_0."provider_address",mcr1_0."provider_company",mcr1_0."provider_email",mcr1_0."provider_first_name",mcr1_0."provider_last_name",mcr1_0."provider_phone",mcr1_0."provider_signature_date",mcr1_0."provider_signature_image",mcr1_0."provider_signer_name",mcr1_0."status",mcr1_0."updated_at",mcr1_0."validation_date",mcr1_0."year" from "monthly_cra_report" mcr1_0 where mcr1_0."month"=? and mcr1_0."year"=? [42102-224]] [select mcr1_0."id",mcr1_0."client_address",mcr1_0."client_company",mcr1_0."client_contact_email",mcr1_0."client_contact_phone",mcr1_0."client_contact_role",mcr1_0."client_first_name",mcr1_0."client_last_name",mcr1_0."client_representative_name",mcr1_0."client_signature_date",mcr1_0."client_signature_image",mcr1_0."created_at",mcr1_0."month",mcr1_0."provider_address",mcr1_0."provider_company",mcr1_0."provider_email",mcr1_0."provider_first_name",mcr1_0."provider_last_name",mcr1_0."provider_phone",mcr1_0."provider_signature_date",mcr1_0."provider_signature_image",mcr1_0."provider_signer_name",mcr1_0."status",mcr1_0."updated_at",mcr1_0."validation_date",mcr1_0."year" from "monthly_cra_report" mcr1_0 where mcr1_0."month"=? and mcr1_0."year"=?]
	at org.hibernate.exception.internal.SQLExceptionTypeDelegate.convert(SQLExceptionTypeDelegate.java:66)
	at org.hibernate.exception.internal.StandardSQLExceptionConverter.convert(StandardSQLExceptionConverter.java:58)
	at org.hibernate.engine.jdbc.spi.SqlExceptionHelper.convert(SqlExceptionHelper.java:108)
	at org.hibernate.engine.jdbc.internal.StatementPreparerImpl$StatementPreparationTemplate.prepareStatement(StatementPreparerImpl.java:194)
	at org.hibernate.engine.jdbc.internal.StatementPreparerImpl.prepareQueryStatement(StatementPreparerImpl.java:155)
	at org.hibernate.sql.exec.spi.JdbcSelectExecutor.lambda$list$0(JdbcSelectExecutor.java:85)
	at org.hibernate.sql.results.jdbc.internal.DeferredResultSetAccess.executeQuery(DeferredResultSetAccess.java:231)
	at org.hibernate.sql.results.jdbc.internal.DeferredResultSetAccess.getResultSet(DeferredResultSetAccess.java:167)
	at org.hibernate.sql.results.jdbc.internal.JdbcValuesResultSetImpl.advanceNext(JdbcValuesResultSetImpl.java:218)
	at org.hibernate.sql.results.jdbc.internal.JdbcValuesResultSetImpl.processNext(JdbcValuesResultSetImpl.java:98)
	at org.hibernate.sql.results.jdbc.internal.AbstractJdbcValues.next(AbstractJdbcValues.java:19)
	at org.hibernate.sql.results.internal.RowProcessingStateStandardImpl.next(RowProcessingStateStandardImpl.java:66)
	at org.hibernate.sql.results.spi.ListResultsConsumer.consume(ListResultsConsumer.java:202)
	at org.hibernate.sql.results.spi.ListResultsConsumer.consume(ListResultsConsumer.java:33)
	at org.hibernate.sql.exec.internal.JdbcSelectExecutorStandardImpl.doExecuteQuery(JdbcSelectExecutorStandardImpl.java:209)
	at org.hibernate.sql.exec.internal.JdbcSelectExecutorStandardImpl.executeQuery(JdbcSelectExecutorStandardImpl.java:83)
	at org.hibernate.sql.exec.spi.JdbcSelectExecutor.list(JdbcSelectExecutor.java:76)
	at org.hibernate.sql.exec.spi.JdbcSelectExecutor.list(JdbcSelectExecutor.java:65)
	at org.hibernate.query.sqm.internal.ConcreteSqmSelectQueryPlan.lambda$new$2(ConcreteSqmSelectQueryPlan.java:137)
	at org.hibernate.query.sqm.internal.ConcreteSqmSelectQueryPlan.withCacheableSqmInterpretation(ConcreteSqmSelectQueryPlan.java:362)
	at org.hibernate.query.sqm.internal.ConcreteSqmSelectQueryPlan.performList(ConcreteSqmSelectQueryPlan.java:303)
	at org.hibernate.query.sqm.internal.QuerySqmImpl.doList(QuerySqmImpl.java:509)
	at org.hibernate.query.spi.AbstractSelectionQuery.list(AbstractSelectionQuery.java:427)
	at org.hibernate.query.spi.AbstractSelectionQuery.getSingleResult(AbstractSelectionQuery.java:564)
	at org.springframework.data.jpa.repository.query.JpaQueryExecution$SingleEntityExecution.doExecute(JpaQueryExecution.java:223)
	at org.springframework.data.jpa.repository.query.JpaQueryExecution.execute(JpaQueryExecution.java:92)
	at org.springframework.data.jpa.repository.query.AbstractJpaQuery.doExecute(AbstractJpaQuery.java:149)
	at org.springframework.data.jpa.repository.query.AbstractJpaQuery.execute(AbstractJpaQuery.java:137)
	at org.springframework.data.repository.core.support.RepositoryMethodInvoker.doInvoke(RepositoryMethodInvoker.java:170)
	at org.springframework.data.repository.core.support.RepositoryMethodInvoker.invoke(RepositoryMethodInvoker.java:158)
	at org.springframework.data.repository.core.support.QueryExecutorMethodInterceptor.doInvoke(QueryExecutorMethodInterceptor.java:164)
	at org.springframework.data.repository.core.support.QueryExecutorMethodInterceptor.invoke(QueryExecutorMethodInterceptor.java:143)
	at org.springframework.aop.framework.ReflectiveMethodInvocation.proceed(ReflectiveMethodInvocation.java:184)
	at org.springframework.data.projection.DefaultMethodInvokingMethodInterceptor.invoke(DefaultMethodInvokingMethodInterceptor.java:70)
	at org.springframework.aop.framework.ReflectiveMethodInvocation.proceed(ReflectiveMethodInvocation.java:184)
	at org.springframework.transaction.interceptor.TransactionInterceptor$1.proceedWithInvocation(TransactionInterceptor.java:123)
	at org.springframework.transaction.interceptor.TransactionAspectSupport.invokeWithinTransaction(TransactionAspectSupport.java:392)
	at org.springframework.transaction.interceptor.TransactionInterceptor.invoke(TransactionInterceptor.java:119)
	at org.springframework.aop.framework.ReflectiveMethodInvocation.proceed(ReflectiveMethodInvocation.java:184)
	at org.springframework.dao.support.PersistenceExceptionTranslationInterceptor.invoke(PersistenceExceptionTranslationInterceptor.java:137)
	... 11 more
Caused by: org.h2.jdbc.JdbcSQLSyntaxErrorException: Table "monthly_cra_report" non trouvée
Table "monthly_cra_report" not found; SQL statement:
select mcr1_0."id",mcr1_0."client_address",mcr1_0."client_company",mcr1_0."client_contact_email",mcr1_0."client_contact_phone",mcr1_0."client_contact_role",mcr1_0."client_first_name",mcr1_0."client_last_name",mcr1_0."client_representative_name",mcr1_0."client_signature_date",mcr1_0."client_signature_image",mcr1_0."created_at",mcr1_0."month",mcr1_0."provider_address",mcr1_0."provider_company",mcr1_0."provider_email",mcr1_0."provider_first_name",mcr1_0."provider_last_name",mcr1_0."provider_phone",mcr1_0."provider_signature_date",mcr1_0."provider_signature_image",mcr1_0."provider_signer_name",mcr1_0."status",mcr1_0."updated_at",mcr1_0."validation_date",mcr1_0."year" from "monthly_cra_report" mcr1_0 where mcr1_0."month"=? and mcr1_0."year"=? [42102-224]
	at org.h2.message.DbException.getJdbcSQLException(DbException.java:514)
	at org.h2.message.DbException.getJdbcSQLException(DbException.java:489)
	at org.h2.message.DbException.get(DbException.java:223)
	at org.h2.message.DbException.get(DbException.java:199)
	at org.h2.command.Parser.getTableOrViewNotFoundDbException(Parser.java:8064)
	at org.h2.command.Parser.getTableOrViewNotFoundDbException(Parser.java:8035)
	at org.h2.command.Parser.readTableOrView(Parser.java:8024)
	at org.h2.command.Parser.readTablePrimary(Parser.java:1788)
	at org.h2.command.Parser.readTableReference(Parser.java:2268)
	at org.h2.command.Parser.parseSelectFromPart(Parser.java:2718)
	at org.h2.command.Parser.parseSelect(Parser.java:2824)
	at org.h2.command.Parser.parseQueryPrimary(Parser.java:2708)
	at org.h2.command.Parser.parseQueryTerm(Parser.java:2564)
	at org.h2.command.Parser.parseQueryExpressionBody(Parser.java:2543)
	at org.h2.command.Parser.parseQueryExpressionBodyAndEndOfQuery(Parser.java:2536)
	at org.h2.command.Parser.parseQueryExpression(Parser.java:2529)
	at org.h2.command.Parser.parseQuery(Parser.java:2498)
	at org.h2.command.Parser.parsePrepared(Parser.java:627)
	at org.h2.command.Parser.parse(Parser.java:592)
	at org.h2.command.Parser.parse(Parser.java:564)
	at org.h2.command.Parser.prepareCommand(Parser.java:483)
	at org.h2.engine.SessionLocal.prepareLocal(SessionLocal.java:639)
	at org.h2.engine.SessionLocal.prepareCommand(SessionLocal.java:559)
	at org.h2.jdbc.JdbcConnection.prepareCommand(JdbcConnection.java:1166)
	at org.h2.jdbc.JdbcPreparedStatement.<init>(JdbcPreparedStatement.java:93)
	at org.h2.jdbc.JdbcConnection.prepareStatement(JdbcConnection.java:316)
	at org.hibernate.engine.jdbc.internal.StatementPreparerImpl$5.doPrepare(StatementPreparerImpl.java:153)
	at org.hibernate.engine.jdbc.internal.StatementPreparerImpl$StatementPreparationTemplate.prepareStatement(StatementPreparerImpl.java:183)
	... 47 more
]]></error>
    <system-out><![CDATA[Hibernate: select mcr1_0."id",mcr1_0."client_address",mcr1_0."client_company",mcr1_0."client_contact_email",mcr1_0."client_contact_phone",mcr1_0."client_contact_role",mcr1_0."client_first_name",mcr1_0."client_last_name",mcr1_0."client_representative_name",mcr1_0."client_signature_date",mcr1_0."client_signature_image",mcr1_0."created_at",mcr1_0."month",mcr1_0."provider_address",mcr1_0."provider_company",mcr1_0."provider_email",mcr1_0."provider_first_name",mcr1_0."provider_last_name",mcr1_0."provider_phone",mcr1_0."provider_signature_date",mcr1_0."provider_signature_image",mcr1_0."provider_signer_name",mcr1_0."status",mcr1_0."updated_at",mcr1_0."validation_date",mcr1_0."year" from "monthly_cra_report" mcr1_0 where mcr1_0."month"=? and mcr1_0."year"=?
2026-07-31T19:07:32.943+02:00  WARN 1949 --- [           main] o.h.engine.jdbc.spi.SqlExceptionHelper   : SQL Error: 42102, SQLState: 42S02
2026-07-31T19:07:32.944+02:00 ERROR 1949 --- [           main] o.h.engine.jdbc.spi.SqlExceptionHelper   : Table "monthly_cra_report" non trouvée
Table "monthly_cra_report" not found; SQL statement:
select mcr1_0."id",mcr1_0."client_address",mcr1_0."client_company",mcr1_0."client_contact_email",mcr1_0."client_contact_phone",mcr1_0."client_contact_role",mcr1_0."client_first_name",mcr1_0."client_last_name",mcr1_0."client_representative_name",mcr1_0."client_signature_date",mcr1_0."client_signature_image",mcr1_0."created_at",mcr1_0."month",mcr1_0."provider_address",mcr1_0."provider_company",mcr1_0."provider_email",mcr1_0."provider_first_name",mcr1_0."provider_last_name",mcr1_0."provider_phone",mcr1_0."provider_signature_date",mcr1_0."provider_signature_image",mcr1_0."provider_signer_name",mcr1_0."status",mcr1_0."updated_at",mcr1_0."validation_date",mcr1_0."year" from "monthly_cra_report" mcr1_0 where mcr1_0."month"=? and mcr1_0."year"=? [42102-224]
]]></system-out>
  </testcase>
  <testcase name="findAllByOrderByYearDescMonthDescReturnsReportsInDescendingPeriodOrder" classname="com.timizer.backend.cra.MonthlyCraReportRepositoryTest" time="0.002">
    <error message="could not prepare statement [Table &quot;monthly_cra_report&quot; non trouvée&#10;Table &quot;monthly_cra_report&quot; not found; SQL statement:&#10;insert into &quot;monthly_cra_report&quot; (&quot;client_address&quot;,&quot;client_company&quot;,&quot;client_contact_email&quot;,&quot;client_contact_phone&quot;,&quot;client_contact_role&quot;,&quot;client_first_name&quot;,&quot;client_last_name&quot;,&quot;client_representative_name&quot;,&quot;client_signature_date&quot;,&quot;client_signature_image&quot;,&quot;created_at&quot;,&quot;month&quot;,&quot;provider_address&quot;,&quot;provider_company&quot;,&quot;provider_email&quot;,&quot;provider_first_name&quot;,&quot;provider_last_name&quot;,&quot;provider_phone&quot;,&quot;provider_signature_date&quot;,&quot;provider_signature_image&quot;,&quot;provider_signer_name&quot;,&quot;status&quot;,&quot;updated_at&quot;,&quot;validation_date&quot;,&quot;year&quot;,&quot;id&quot;) values (?,?,?,?,?,?,?,?,?,?,?,?,?,?,?,?,?,?,?,?,?,?,?,?,?,default) [42102-224]] [insert into &quot;monthly_cra_report&quot; (&quot;client_address&quot;,&quot;client_company&quot;,&quot;client_contact_email&quot;,&quot;client_contact_phone&quot;,&quot;client_contact_role&quot;,&quot;client_first_name&quot;,&quot;client_last_name&quot;,&quot;client_representative_name&quot;,&quot;client_signature_date&quot;,&quot;client_signature_image&quot;,&quot;created_at&quot;,&quot;month&quot;,&quot;provider_address&quot;,&quot;provider_company&quot;,&quot;provider_email&quot;,&quot;provider_first_name&quot;,&quot;provider_last_name&quot;,&quot;provider_phone&quot;,&quot;provider_signature_date&quot;,&quot;provider_signature_image&quot;,&quot;provider_signer_name&quot;,&quot;status&quot;,&quot;updated_at&quot;,&quot;validation_date&quot;,&quot;year&quot;,&quot;id&quot;) values (?,?,?,?,?,?,?,?,?,?,?,?,?,?,?,?,?,?,?,?,?,?,?,?,?,default)]; SQL [insert into &quot;monthly_cra_report&quot; (&quot;client_address&quot;,&quot;client_company&quot;,&quot;client_contact_email&quot;,&quot;client_contact_phone&quot;,&quot;client_contact_role&quot;,&quot;client_first_name&quot;,&quot;client_last_name&quot;,&quot;client_representative_name&quot;,&quot;client_signature_date&quot;,&quot;client_signature_image&quot;,&quot;created_at&quot;,&quot;month&quot;,&quot;provider_address&quot;,&quot;provider_company&quot;,&quot;provider_email&quot;,&quot;provider_first_name&quot;,&quot;provider_last_name&quot;,&quot;provider_phone&quot;,&quot;provider_signature_date&quot;,&quot;provider_signature_image&quot;,&quot;provider_signer_name&quot;,&quot;status&quot;,&quot;updated_at&quot;,&quot;validation_date&quot;,&quot;year&quot;,&quot;id&quot;) values (?,?,?,?,?,?,?,?,?,?,?,?,?,?,?,?,?,?,?,?,?,?,?,?,?,default)]" type="org.springframework.dao.InvalidDataAccessResourceUsageException"><![CDATA[org.springframework.dao.InvalidDataAccessResourceUsageException: 
could not prepare statement [Table "monthly_cra_report" non trouvée
Table "monthly_cra_report" not found; SQL statement:
insert into "monthly_cra_report" ("client_address","client_company","client_contact_email","client_contact_phone","client_contact_role","client_first_name","client_last_name","client_representative_name","client_signature_date","client_signature_image","created_at","month","provider_address","provider_company","provider_email","provider_first_name","provider_last_name","provider_phone","provider_signature_date","provider_signature_image","provider_signer_name","status","updated_at","validation_date","year","id") values (?,?,?,?,?,?,?,?,?,?,?,?,?,?,?,?,?,?,?,?,?,?,?,?,?,default) [42102-224]] [insert into "monthly_cra_report" ("client_address","client_company","client_contact_email","client_contact_phone","client_contact_role","client_first_name","client_last_name","client_representative_name","client_signature_date","client_signature_image","created_at","month","provider_address","provider_company","provider_email","provider_first_name","provider_last_name","provider_phone","provider_signature_date","provider_signature_image","provider_signer_name","status","updated_at","validation_date","year","id") values (?,?,?,?,?,?,?,?,?,?,?,?,?,?,?,?,?,?,?,?,?,?,?,?,?,default)]; SQL [insert into "monthly_cra_report" ("client_address","client_company","client_contact_email","client_contact_phone","client_contact_role","client_first_name","client_last_name","client_representative_name","client_signature_date","client_signature_image","created_at","month","provider_address","provider_company","provider_email","provider_first_name","provider_last_name","provider_phone","provider_signature_date","provider_signature_image","provider_signer_name","status","updated_at","validation_date","year","id") values (?,?,?,?,?,?,?,?,?,?,?,?,?,?,?,?,?,?,?,?,?,?,?,?,?,default)]
	at org.springframework.orm.jpa.vendor.HibernateJpaDialect.convertHibernateAccessException(HibernateJpaDialect.java:277)
	at org.springframework.orm.jpa.vendor.HibernateJpaDialect.translateExceptionIfPossible(HibernateJpaDialect.java:241)
	at org.springframework.orm.jpa.AbstractEntityManagerFactoryBean.translateExceptionIfPossible(AbstractEntityManagerFactoryBean.java:550)
	at org.springframework.dao.support.ChainedPersistenceExceptionTranslator.translateExceptionIfPossible(ChainedPersistenceExceptionTranslator.java:61)
	at org.springframework.dao.support.DataAccessUtils.translateIfNecessary(DataAccessUtils.java:335)
	at org.springframework.dao.support.PersistenceExceptionTranslationInterceptor.invoke(PersistenceExceptionTranslationInterceptor.java:152)
	at org.springframework.aop.framework.ReflectiveMethodInvocation.proceed(ReflectiveMethodInvocation.java:184)
	at org.springframework.data.jpa.repository.support.CrudMethodMetadataPostProcessor$CrudMethodMetadataPopulatingMethodInterceptor.invoke(CrudMethodMetadataPostProcessor.java:164)
	at org.springframework.aop.framework.ReflectiveMethodInvocation.proceed(ReflectiveMethodInvocation.java:184)
	at org.springframework.aop.interceptor.ExposeInvocationInterceptor.invoke(ExposeInvocationInterceptor.java:97)
	at org.springframework.aop.framework.ReflectiveMethodInvocation.proceed(ReflectiveMethodInvocation.java:184)
	at org.springframework.aop.framework.JdkDynamicAopProxy.invoke(JdkDynamicAopProxy.java:223)
	at jdk.proxy2/jdk.proxy2.$Proxy202.save(Unknown Source)
	at com.timizer.backend.cra.MonthlyCraReportRepositoryTest.findAllByOrderByYearDescMonthDescReturnsReportsInDescendingPeriodOrder(MonthlyCraReportRepositoryTest.java:111)
	at java.base/java.lang.reflect.Method.invoke(Method.java:565)
	at java.base/java.util.ArrayList.forEach(ArrayList.java:1612)
	at java.base/java.util.ArrayList.forEach(ArrayList.java:1612)
Caused by: org.hibernate.exception.SQLGrammarException: could not prepare statement [Table "monthly_cra_report" non trouvée
Table "monthly_cra_report" not found; SQL statement:
insert into "monthly_cra_report" ("client_address","client_company","client_contact_email","client_contact_phone","client_contact_role","client_first_name","client_last_name","client_representative_name","client_signature_date","client_signature_image","created_at","month","provider_address","provider_company","provider_email","provider_first_name","provider_last_name","provider_phone","provider_signature_date","provider_signature_image","provider_signer_name","status","updated_at","validation_date","year","id") values (?,?,?,?,?,?,?,?,?,?,?,?,?,?,?,?,?,?,?,?,?,?,?,?,?,default) [42102-224]] [insert into "monthly_cra_report" ("client_address","client_company","client_contact_email","client_contact_phone","client_contact_role","client_first_name","client_last_name","client_representative_name","client_signature_date","client_signature_image","created_at","month","provider_address","provider_company","provider_email","provider_first_name","provider_last_name","provider_phone","provider_signature_date","provider_signature_image","provider_signer_name","status","updated_at","validation_date","year","id") values (?,?,?,?,?,?,?,?,?,?,?,?,?,?,?,?,?,?,?,?,?,?,?,?,?,default)]
	at org.hibernate.exception.internal.SQLExceptionTypeDelegate.convert(SQLExceptionTypeDelegate.java:66)
	at org.hibernate.exception.internal.StandardSQLExceptionConverter.convert(StandardSQLExceptionConverter.java:58)
	at org.hibernate.engine.jdbc.spi.SqlExceptionHelper.convert(SqlExceptionHelper.java:108)
	at org.hibernate.engine.jdbc.internal.MutationStatementPreparerImpl$StatementPreparationTemplate.prepareStatement(MutationStatementPreparerImpl.java:117)
	at org.hibernate.engine.jdbc.internal.MutationStatementPreparerImpl.prepareStatement(MutationStatementPreparerImpl.java:63)
	at org.hibernate.id.insert.GetGeneratedKeysDelegate.prepareStatement(GetGeneratedKeysDelegate.java:86)
	at org.hibernate.engine.jdbc.mutation.internal.ModelMutationHelper.lambda$identityPreparation$1(ModelMutationHelper.java:132)
	at org.hibernate.engine.jdbc.mutation.internal.PreparedStatementDetailsStandard.resolveStatement(PreparedStatementDetailsStandard.java:87)
	at org.hibernate.id.insert.GetGeneratedKeysDelegate.performInsert(GetGeneratedKeysDelegate.java:104)
	at org.hibernate.engine.jdbc.mutation.internal.MutationExecutorPostInsertSingleTable.execute(MutationExecutorPostInsertSingleTable.java:100)
	at org.hibernate.persister.entity.mutation.InsertCoordinator.doStaticInserts(InsertCoordinator.java:175)
	at org.hibernate.persister.entity.mutation.InsertCoordinator.coordinateInsert(InsertCoordinator.java:113)
	at org.hibernate.persister.entity.AbstractEntityPersister.insert(AbstractEntityPersister.java:2868)
	at org.hibernate.action.internal.EntityIdentityInsertAction.execute(EntityIdentityInsertAction.java:81)
	at org.hibernate.engine.spi.ActionQueue.execute(ActionQueue.java:670)
	at org.hibernate.engine.spi.ActionQueue.addResolvedEntityInsertAction(ActionQueue.java:291)
	at org.hibernate.engine.spi.ActionQueue.addInsertAction(ActionQueue.java:272)
	at org.hibernate.engine.spi.ActionQueue.addAction(ActionQueue.java:322)
	at org.hibernate.event.internal.AbstractSaveEventListener.addInsertAction(AbstractSaveEventListener.java:386)
	at org.hibernate.event.internal.AbstractSaveEventListener.performSaveOrReplicate(AbstractSaveEventListener.java:300)
	at org.hibernate.event.internal.AbstractSaveEventListener.performSave(AbstractSaveEventListener.java:219)
	at org.hibernate.event.internal.AbstractSaveEventListener.saveWithGeneratedId(AbstractSaveEventListener.java:134)
	at org.hibernate.event.internal.DefaultPersistEventListener.entityIsTransient(DefaultPersistEventListener.java:175)
	at org.hibernate.event.internal.DefaultPersistEventListener.persist(DefaultPersistEventListener.java:93)
	at org.hibernate.event.internal.DefaultPersistEventListener.onPersist(DefaultPersistEventListener.java:77)
	at org.hibernate.event.internal.DefaultPersistEventListener.onPersist(DefaultPersistEventListener.java:54)
	at org.hibernate.event.service.internal.EventListenerGroupImpl.fireEventOnEachListener(EventListenerGroupImpl.java:127)
	at org.hibernate.internal.SessionImpl.firePersist(SessionImpl.java:754)
	at org.hibernate.internal.SessionImpl.persist(SessionImpl.java:738)
	at java.base/jdk.internal.reflect.DirectMethodHandleAccessor.invoke(DirectMethodHandleAccessor.java:104)
	at java.base/java.lang.reflect.Method.invoke(Method.java:565)
	at org.springframework.orm.jpa.SharedEntityManagerCreator$SharedEntityManagerInvocationHandler.invoke(SharedEntityManagerCreator.java:319)
	at jdk.proxy2/jdk.proxy2.$Proxy199.persist(Unknown Source)
	at org.springframework.data.jpa.repository.support.SimpleJpaRepository.save(SimpleJpaRepository.java:618)
	at java.base/jdk.internal.reflect.DirectMethodHandleAccessor.invoke(DirectMethodHandleAccessor.java:104)
	at java.base/java.lang.reflect.Method.invoke(Method.java:565)
	at org.springframework.aop.support.AopUtils.invokeJoinpointUsingReflection(AopUtils.java:354)
	at org.springframework.data.repository.core.support.RepositoryMethodInvoker$RepositoryFragmentMethodInvoker.lambda$new$0(RepositoryMethodInvoker.java:277)
	at org.springframework.data.repository.core.support.RepositoryMethodInvoker.doInvoke(RepositoryMethodInvoker.java:170)
	at org.springframework.data.repository.core.support.RepositoryMethodInvoker.invoke(RepositoryMethodInvoker.java:158)
	at org.springframework.data.repository.core.support.RepositoryComposition$RepositoryFragments.invoke(RepositoryComposition.java:516)
	at org.springframework.data.repository.core.support.RepositoryComposition.invoke(RepositoryComposition.java:285)
	at org.springframework.data.repository.core.support.RepositoryFactorySupport$ImplementationMethodExecutionInterceptor.invoke(RepositoryFactorySupport.java:628)
	at org.springframework.aop.framework.ReflectiveMethodInvocation.proceed(ReflectiveMethodInvocation.java:184)
	at org.springframework.data.repository.core.support.QueryExecutorMethodInterceptor.doInvoke(QueryExecutorMethodInterceptor.java:168)
	at org.springframework.data.repository.core.support.QueryExecutorMethodInterceptor.invoke(QueryExecutorMethodInterceptor.java:143)
	at org.springframework.aop.framework.ReflectiveMethodInvocation.proceed(ReflectiveMethodInvocation.java:184)
	at org.springframework.data.projection.DefaultMethodInvokingMethodInterceptor.invoke(DefaultMethodInvokingMethodInterceptor.java:70)
	at org.springframework.aop.framework.ReflectiveMethodInvocation.proceed(ReflectiveMethodInvocation.java:184)
	at org.springframework.transaction.interceptor.TransactionInterceptor$1.proceedWithInvocation(TransactionInterceptor.java:123)
	at org.springframework.transaction.interceptor.TransactionAspectSupport.invokeWithinTransaction(TransactionAspectSupport.java:392)
	at org.springframework.transaction.interceptor.TransactionInterceptor.invoke(TransactionInterceptor.java:119)
	at org.springframework.aop.framework.ReflectiveMethodInvocation.proceed(ReflectiveMethodInvocation.java:184)
	at org.springframework.dao.support.PersistenceExceptionTranslationInterceptor.invoke(PersistenceExceptionTranslationInterceptor.java:137)
	... 11 more
Caused by: org.h2.jdbc.JdbcSQLSyntaxErrorException: Table "monthly_cra_report" non trouvée
Table "monthly_cra_report" not found; SQL statement:
insert into "monthly_cra_report" ("client_address","client_company","client_contact_email","client_contact_phone","client_contact_role","client_first_name","client_last_name","client_representative_name","client_signature_date","client_signature_image","created_at","month","provider_address","provider_company","provider_email","provider_first_name","provider_last_name","provider_phone","provider_signature_date","provider_signature_image","provider_signer_name","status","updated_at","validation_date","year","id") values (?,?,?,?,?,?,?,?,?,?,?,?,?,?,?,?,?,?,?,?,?,?,?,?,?,default) [42102-224]
	at org.h2.message.DbException.getJdbcSQLException(DbException.java:514)
	at org.h2.message.DbException.getJdbcSQLException(DbException.java:489)
	at org.h2.message.DbException.get(DbException.java:223)
	at org.h2.message.DbException.get(DbException.java:199)
	at org.h2.command.Parser.getTableOrViewNotFoundDbException(Parser.java:8064)
	at org.h2.command.Parser.getTableOrViewNotFoundDbException(Parser.java:8035)
	at org.h2.command.Parser.readTableOrView(Parser.java:8024)
	at org.h2.command.Parser.readTableOrView(Parser.java:7990)
	at org.h2.command.Parser.parseInsert(Parser.java:1540)
	at org.h2.command.Parser.parsePrepared(Parser.java:719)
	at org.h2.command.Parser.parse(Parser.java:592)
	at org.h2.command.Parser.parse(Parser.java:564)
	at org.h2.command.Parser.prepareCommand(Parser.java:483)
	at org.h2.engine.SessionLocal.prepareLocal(SessionLocal.java:639)
	at org.h2.engine.SessionLocal.prepareCommand(SessionLocal.java:559)
	at org.h2.jdbc.JdbcConnection.prepareCommand(JdbcConnection.java:1166)
	at org.h2.jdbc.JdbcPreparedStatement.<init>(JdbcPreparedStatement.java:93)
	at org.h2.jdbc.JdbcConnection.prepareStatement(JdbcConnection.java:1094)
	at org.hibernate.engine.jdbc.internal.MutationStatementPreparerImpl$2.doPrepare(MutationStatementPreparerImpl.java:61)
	at org.hibernate.engine.jdbc.internal.MutationStatementPreparerImpl$StatementPreparationTemplate.prepareStatement(MutationStatementPreparerImpl.java:106)
	... 61 more
]]></error>
    <system-out><![CDATA[Hibernate: insert into "monthly_cra_report" ("client_address","client_company","client_contact_email","client_contact_phone","client_contact_role","client_first_name","client_last_name","client_representative_name","client_signature_date","client_signature_image","created_at","month","provider_address","provider_company","provider_email","provider_first_name","provider_last_name","provider_phone","provider_signature_date","provider_signature_image","provider_signer_name","status","updated_at","validation_date","year","id") values (?,?,?,?,?,?,?,?,?,?,?,?,?,?,?,?,?,?,?,?,?,?,?,?,?,default)
2026-07-31T19:07:32.946+02:00  WARN 1949 --- [           main] o.h.engine.jdbc.spi.SqlExceptionHelper   : SQL Error: 42102, SQLState: 42S02
2026-07-31T19:07:32.946+02:00 ERROR 1949 --- [           main] o.h.engine.jdbc.spi.SqlExceptionHelper   : Table "monthly_cra_report" non trouvée
Table "monthly_cra_report" not found; SQL statement:
insert into "monthly_cra_report" ("client_address","client_company","client_contact_email","client_contact_phone","client_contact_role","client_first_name","client_last_name","client_representative_name","client_signature_date","client_signature_image","created_at","month","provider_address","provider_company","provider_email","provider_first_name","provider_last_name","provider_phone","provider_signature_date","provider_signature_image","provider_signer_name","status","updated_at","validation_date","year","id") values (?,?,?,?,?,?,?,?,?,?,?,?,?,?,?,?,?,?,?,?,?,?,?,?,?,default) [42102-224]
]]></system-out>
  </testcase>
  <testcase name="addingDayEntryToPersistedReportIsCascadedOnSave" classname="com.timizer.backend.cra.MonthlyCraReportRepositoryTest" time="0.002">
    <error message="could not prepare statement [Table &quot;monthly_cra_report&quot; non trouvée&#10;Table &quot;monthly_cra_report&quot; not found; SQL statement:&#10;insert into &quot;monthly_cra_report&quot; (&quot;client_address&quot;,&quot;client_company&quot;,&quot;client_contact_email&quot;,&quot;client_contact_phone&quot;,&quot;client_contact_role&quot;,&quot;client_first_name&quot;,&quot;client_last_name&quot;,&quot;client_representative_name&quot;,&quot;client_signature_date&quot;,&quot;client_signature_image&quot;,&quot;created_at&quot;,&quot;month&quot;,&quot;provider_address&quot;,&quot;provider_company&quot;,&quot;provider_email&quot;,&quot;provider_first_name&quot;,&quot;provider_last_name&quot;,&quot;provider_phone&quot;,&quot;provider_signature_date&quot;,&quot;provider_signature_image&quot;,&quot;provider_signer_name&quot;,&quot;status&quot;,&quot;updated_at&quot;,&quot;validation_date&quot;,&quot;year&quot;,&quot;id&quot;) values (?,?,?,?,?,?,?,?,?,?,?,?,?,?,?,?,?,?,?,?,?,?,?,?,?,default) [42102-224]] [insert into &quot;monthly_cra_report&quot; (&quot;client_address&quot;,&quot;client_company&quot;,&quot;client_contact_email&quot;,&quot;client_contact_phone&quot;,&quot;client_contact_role&quot;,&quot;client_first_name&quot;,&quot;client_last_name&quot;,&quot;client_representative_name&quot;,&quot;client_signature_date&quot;,&quot;client_signature_image&quot;,&quot;created_at&quot;,&quot;month&quot;,&quot;provider_address&quot;,&quot;provider_company&quot;,&quot;provider_email&quot;,&quot;provider_first_name&quot;,&quot;provider_last_name&quot;,&quot;provider_phone&quot;,&quot;provider_signature_date&quot;,&quot;provider_signature_image&quot;,&quot;provider_signer_name&quot;,&quot;status&quot;,&quot;updated_at&quot;,&quot;validation_date&quot;,&quot;year&quot;,&quot;id&quot;) values (?,?,?,?,?,?,?,?,?,?,?,?,?,?,?,?,?,?,?,?,?,?,?,?,?,default)]; SQL [insert into &quot;monthly_cra_report&quot; (&quot;client_address&quot;,&quot;client_company&quot;,&quot;client_contact_email&quot;,&quot;client_contact_phone&quot;,&quot;client_contact_role&quot;,&quot;client_first_name&quot;,&quot;client_last_name&quot;,&quot;client_representative_name&quot;,&quot;client_signature_date&quot;,&quot;client_signature_image&quot;,&quot;created_at&quot;,&quot;month&quot;,&quot;provider_address&quot;,&quot;provider_company&quot;,&quot;provider_email&quot;,&quot;provider_first_name&quot;,&quot;provider_last_name&quot;,&quot;provider_phone&quot;,&quot;provider_signature_date&quot;,&quot;provider_signature_image&quot;,&quot;provider_signer_name&quot;,&quot;status&quot;,&quot;updated_at&quot;,&quot;validation_date&quot;,&quot;year&quot;,&quot;id&quot;) values (?,?,?,?,?,?,?,?,?,?,?,?,?,?,?,?,?,?,?,?,?,?,?,?,?,default)]" type="org.springframework.dao.InvalidDataAccessResourceUsageException"><![CDATA[org.springframework.dao.InvalidDataAccessResourceUsageException: 
could not prepare statement [Table "monthly_cra_report" non trouvée
Table "monthly_cra_report" not found; SQL statement:
insert into "monthly_cra_report" ("client_address","client_company","client_contact_email","client_contact_phone","client_contact_role","client_first_name","client_last_name","client_representative_name","client_signature_date","client_signature_image","created_at","month","provider_address","provider_company","provider_email","provider_first_name","provider_last_name","provider_phone","provider_signature_date","provider_signature_image","provider_signer_name","status","updated_at","validation_date","year","id") values (?,?,?,?,?,?,?,?,?,?,?,?,?,?,?,?,?,?,?,?,?,?,?,?,?,default) [42102-224]] [insert into "monthly_cra_report" ("client_address","client_company","client_contact_email","client_contact_phone","client_contact_role","client_first_name","client_last_name","client_representative_name","client_signature_date","client_signature_image","created_at","month","provider_address","provider_company","provider_email","provider_first_name","provider_last_name","provider_phone","provider_signature_date","provider_signature_image","provider_signer_name","status","updated_at","validation_date","year","id") values (?,?,?,?,?,?,?,?,?,?,?,?,?,?,?,?,?,?,?,?,?,?,?,?,?,default)]; SQL [insert into "monthly_cra_report" ("client_address","client_company","client_contact_email","client_contact_phone","client_contact_role","client_first_name","client_last_name","client_representative_name","client_signature_date","client_signature_image","created_at","month","provider_address","provider_company","provider_email","provider_first_name","provider_last_name","provider_phone","provider_signature_date","provider_signature_image","provider_signer_name","status","updated_at","validation_date","year","id") values (?,?,?,?,?,?,?,?,?,?,?,?,?,?,?,?,?,?,?,?,?,?,?,?,?,default)]
	at org.springframework.orm.jpa.vendor.HibernateJpaDialect.convertHibernateAccessException(HibernateJpaDialect.java:277)
	at org.springframework.orm.jpa.vendor.HibernateJpaDialect.translateExceptionIfPossible(HibernateJpaDialect.java:241)
	at org.springframework.orm.jpa.AbstractEntityManagerFactoryBean.translateExceptionIfPossible(AbstractEntityManagerFactoryBean.java:550)
	at org.springframework.dao.support.ChainedPersistenceExceptionTranslator.translateExceptionIfPossible(ChainedPersistenceExceptionTranslator.java:61)
	at org.springframework.dao.support.DataAccessUtils.translateIfNecessary(DataAccessUtils.java:335)
	at org.springframework.dao.support.PersistenceExceptionTranslationInterceptor.invoke(PersistenceExceptionTranslationInterceptor.java:152)
	at org.springframework.aop.framework.ReflectiveMethodInvocation.proceed(ReflectiveMethodInvocation.java:184)
	at org.springframework.data.jpa.repository.support.CrudMethodMetadataPostProcessor$CrudMethodMetadataPopulatingMethodInterceptor.invoke(CrudMethodMetadataPostProcessor.java:164)
	at org.springframework.aop.framework.ReflectiveMethodInvocation.proceed(ReflectiveMethodInvocation.java:184)
	at org.springframework.aop.interceptor.ExposeInvocationInterceptor.invoke(ExposeInvocationInterceptor.java:97)
[...]
	at org.h2.jdbc.JdbcConnection.prepareStatement(JdbcConnection.java:1094)
	at org.hibernate.engine.jdbc.internal.MutationStatementPreparerImpl$2.doPrepare(MutationStatementPreparerImpl.java:61)
	at org.hibernate.engine.jdbc.internal.MutationStatementPreparerImpl$StatementPreparationTemplate.prepareStatement(MutationStatementPreparerImpl.java:106)
	... 61 more
]]></error>
    <system-out><![CDATA[Hibernate: insert into "monthly_cra_report" ("client_address","client_company","client_contact_email","client_contact_phone","client_contact_role","client_first_name","client_last_name","client_representative_name","client_signature_date","client_signature_image","created_at","month","provider_address","provider_company","provider_email","provider_first_name","provider_last_name","provider_phone","provider_signature_date","provider_signature_image","provider_signer_name","status","updated_at","validation_date","year","id") values (?,?,?,?,?,?,?,?,?,?,?,?,?,?,?,?,?,?,?,?,?,?,?,?,?,default)
2026-07-31T19:07:32.955+02:00  WARN 1949 --- [           main] o.h.engine.jdbc.spi.SqlExceptionHelper   : SQL Error: 42102, SQLState: 42S02
2026-07-31T19:07:32.955+02:00 ERROR 1949 --- [           main] o.h.engine.jdbc.spi.SqlExceptionHelper   : Table "monthly_cra_report" non trouvée
Table "monthly_cra_report" not found; SQL statement:
insert into "monthly_cra_report" ("client_address","client_company","client_contact_email","client_contact_phone","client_contact_role","client_first_name","client_last_name","client_representative_name","client_signature_date","client_signature_image","created_at","month","provider_address","provider_company","provider_email","provider_first_name","provider_last_name","provider_phone","provider_signature_date","provider_signature_image","provider_signer_name","status","updated_at","validation_date","year","id") values (?,?,?,?,?,?,?,?,?,?,?,?,?,?,?,?,?,?,?,?,?,?,?,?,?,default) [42102-224]
]]></system-out>
  </testcase>
  <testcase name="removingDayEntryFromPersistedReportTriggersOrphanRemoval" classname="com.timizer.backend.cra.MonthlyCraReportRepositoryTest" time="0.003">
    <error message="could not prepare statement [Table &quot;monthly_cra_report&quot; non trouvée&#10;Table &quot;monthly_cra_report&quot; not found; SQL statement:&#10;insert into &quot;monthly_cra_report&quot; (&quot;client_address&quot;,&quot;client_company&quot;,&quot;client_contact_email&quot;,&quot;client_contact_phone&quot;,&quot;client_contact_role&quot;,&quot;client_first_name&quot;,&quot;client_last_name&quot;,&quot;client_representative_name&quot;,&quot;client_signature_date&quot;,&quot;client_signature_image&quot;,&quot;created_at&quot;,&quot;month&quot;,&quot;provider_address&quot;,&quot;provider_company&quot;,&quot;provider_email&quot;,&quot;provider_first_name&quot;,&quot;provider_last_name&quot;,&quot;provider_phone&quot;,&quot;provider_signature_date&quot;,&quot;provider_signature_image&quot;,&quot;provider_signer_name&quot;,&quot;status&quot;,&quot;updated_at&quot;,&quot;validation_date&quot;,&quot;year&quot;,&quot;id&quot;) values (?,?,?,?,?,?,?,?,?,?,?,?,?,?,?,?,?,?,?,?,?,?,?,?,?,default) [42102-224]] [insert into &quot;monthly_cra_report&quot; (&quot;client_address&quot;,&quot;client_company&quot;,&quot;client_contact_email&quot;,&quot;client_contact_phone&quot;,&quot;client_contact_role&quot;,&quot;client_first_name&quot;,&quot;client_last_name&quot;,&quot;client_representative_name&quot;,&quot;client_signature_date&quot;,&quot;client_signature_image&quot;,&quot;created_at&quot;,&quot;month&quot;,&quot;provider_address&quot;,&quot;provider_company&quot;,&quot;provider_email&quot;,&quot;provider_first_name&quot;,&quot;provider_last_name&quot;,&quot;provider_phone&quot;,&quot;provider_signature_date&quot;,&quot;provider_signature_image&quot;,&quot;provider_signer_name&quot;,&quot;status&quot;,&quot;updated_at&quot;,&quot;validation_date&quot;,&quot;year&quot;,&quot;id&quot;) values (?,?,?,?,?,?,?,?,?,?,?,?,?,?,?,?,?,?,?,?,?,?,?,?,?,default)]; SQL [insert into &quot;monthly_cra_report&quot; (&quot;client_address&quot;,&quot;client_company&quot;,&quot;client_contact_email&quot;,&quot;client_contact_phone&quot;,&quot;client_contact_role&quot;,&quot;client_first_name&quot;,&quot;client_last_name&quot;,&quot;client_representative_name&quot;,&quot;client_signature_date&quot;,&quot;client_signature_image&quot;,&quot;created_at&quot;,&quot;month&quot;,&quot;provider_address&quot;,&quot;provider_company&quot;,&quot;provider_email&quot;,&quot;provider_first_name&quot;,&quot;provider_last_name&quot;,&quot;provider_phone&quot;,&quot;provider_signature_date&quot;,&quot;provider_signature_image&quot;,&quot;provider_signer_name&quot;,&quot;status&quot;,&quot;updated_at&quot;,&quot;validation_date&quot;,&quot;year&quot;,&quot;id&quot;) values (?,?,?,?,?,?,?,?,?,?,?,?,?,?,?,?,?,?,?,?,?,?,?,?,?,default)]" type="org.springframework.dao.InvalidDataAccessResourceUsageException"><![CDATA[org.springframework.dao.InvalidDataAccessResourceUsageException: 
could not prepare statement [Table "monthly_cra_report" non trouvée
Table "monthly_cra_report" not found; SQL statement:
insert into "monthly_cra_report" ("client_address","client_company","client_contact_email","client_contact_phone","client_contact_role","client_first_name","client_last_name","client_representative_name","client_signature_date","client_signature_image","created_at","month","provider_address","provider_company","provider_email","provider_first_name","provider_last_name","provider_phone","provider_signature_date","provider_signature_image","provider_signer_name","status","updated_at","validation_date","year","id") values (?,?,?,?,?,?,?,?,?,?,?,?,?,?,?,?,?,?,?,?,?,?,?,?,?,default) [42102-224]] [insert into "monthly_cra_report" ("client_address","client_company","client_contact_email","client_contact_phone","client_contact_role","client_first_name","client_last_name","client_representative_name","client_signature_date","client_signature_image","created_at","month","provider_address","provider_company","provider_email","provider_first_name","provider_last_name","provider_phone","provider_signature_date","provider_signature_image","provider_signer_name","status","updated_at","validation_date","year","id") values (?,?,?,?,?,?,?,?,?,?,?,?,?,?,?,?,?,?,?,?,?,?,?,?,?,default)]; SQL [insert into "monthly_cra_report" ("client_address","client_company","client_contact_email","client_contact_phone","client_contact_role","client_first_name","client_last_name","client_representative_name","client_signature_date","client_signature_image","created_at","month","provider_address","provider_company","provider_email","provider_first_name","provider_last_name","provider_phone","provider_signature_date","provider_signature_image","provider_signer_name","status","updated_at","validation_date","year","id") values (?,?,?,?,?,?,?,?,?,?,?,?,?,?,?,?,?,?,?,?,?,?,?,?,?,default)]
	at org.springframework.orm.jpa.vendor.HibernateJpaDialect.convertHibernateAccessException(HibernateJpaDialect.java:277)
	at org.springframework.orm.jpa.vendor.HibernateJpaDialect.translateExceptionIfPossible(HibernateJpaDialect.java:241)
	at org.springframework.orm.jpa.AbstractEntityManagerFactoryBean.translateExceptionIfPossible(AbstractEntityManagerFactoryBean.java:550)
	at org.springframework.dao.support.ChainedPersistenceExceptionTranslator.translateExceptionIfPossible(ChainedPersistenceExceptionTranslator.java:61)
	at org.springframework.dao.support.DataAccessUtils.translateIfNecessary(DataAccessUtils.java:335)
	at org.springframework.dao.support.PersistenceExceptionTranslationInterceptor.invoke(PersistenceExceptionTranslationInterceptor.java:152)
	at org.springframework.aop.framework.ReflectiveMethodInvocation.proceed(ReflectiveMethodInvocation.java:184)
	at org.springframework.data.jpa.repository.support.CrudMethodMetadataPostProcessor$CrudMethodMetadataPopulatingMethodInterceptor.invoke(CrudMethodMetadataPostProcessor.java:164)
	at org.springframework.aop.framework.ReflectiveMethodInvocation.proceed(ReflectiveMethodInvocation.java:184)
	at org.springframework.aop.interceptor.ExposeInvocationInterceptor.invoke(ExposeInvocationInterceptor.java:97)
	at org.springframework.aop.framework.ReflectiveMethodInvocation.proceed(ReflectiveMethodInvocation.java:184)
	at org.springframework.aop.framework.JdkDynamicAopProxy.invoke(JdkDynamicAopProxy.java:223)
	at jdk.proxy2/jdk.proxy2.$Proxy202.save(Unknown Source)
	at com.timizer.backend.cra.MonthlyCraReportRepositoryTest.removingDayEntryFromPersistedReportTriggersOrphanRemoval(MonthlyCraReportRepositoryTest.java:172)
	at java.base/java.lang.reflect.Method.invoke(Method.java:565)
	at java.base/java.util.ArrayList.forEach(ArrayList.java:1612)
	at java.base/java.util.ArrayList.forEach(ArrayList.java:1612)
Caused by: org.hibernate.exception.SQLGrammarException: could not prepare statement [Table "monthly_cra_report" non trouvée
Table "monthly_cra_report" not found; SQL statement:
insert into "monthly_cra_report" ("client_address","client_company","client_contact_email","client_contact_phone","client_contact_role","client_first_name","client_last_name","client_representative_name","client_signature_date","client_signature_image","created_at","month","provider_address","provider_company","provider_email","provider_first_name","provider_last_name","provider_phone","provider_signature_date","provider_signature_image","provider_signer_name","status","updated_at","validation_date","year","id") values (?,?,?,?,?,?,?,?,?,?,?,?,?,?,?,?,?,?,?,?,?,?,?,?,?,default) [42102-224]] [insert into "monthly_cra_report" ("client_address","client_company","client_contact_email","client_contact_phone","client_contact_role","client_first_name","client_last_name","client_representative_name","client_signature_date","client_signature_image","created_at","month","provider_address","provider_company","provider_email","provider_first_name","provider_last_name","provider_phone","provider_signature_date","provider_signature_image","provider_signer_name","status","updated_at","validation_date","year","id") values (?,?,?,?,?,?,?,?,?,?,?,?,?,?,?,?,?,?,?,?,?,?,?,?,?,default)]
	at org.hibernate.exception.internal.SQLExceptionTypeDelegate.convert(SQLExceptionTypeDelegate.java:66)
	at org.hibernate.exception.internal.StandardSQLExceptionConverter.convert(StandardSQLExceptionConverter.java:58)
	at org.hibernate.engine.jdbc.spi.SqlExceptionHelper.convert(SqlExceptionHelper.java:108)
	at org.hibernate.engine.jdbc.internal.MutationStatementPreparerImpl$StatementPreparationTemplate.prepareStatement(MutationStatementPreparerImpl.java:117)
	at org.hibernate.engine.jdbc.internal.MutationStatementPreparerImpl.prepareStatement(MutationStatementPreparerImpl.java:63)
	at org.hibernate.id.insert.GetGeneratedKeysDelegate.prepareStatement(GetGeneratedKeysDelegate.java:86)
	at org.hibernate.engine.jdbc.mutation.internal.ModelMutationHelper.lambda$identityPreparation$1(ModelMutationHelper.java:132)
	at org.hibernate.engine.jdbc.mutation.internal.PreparedStatementDetailsStandard.resolveStatement(PreparedStatementDetailsStandard.java:87)
	at org.hibernate.id.insert.GetGeneratedKeysDelegate.performInsert(GetGeneratedKeysDelegate.java:104)
	at org.hibernate.engine.jdbc.mutation.internal.MutationExecutorPostInsertSingleTable.execute(MutationExecutorPostInsertSingleTable.java:100)
	at org.hibernate.persister.entity.mutation.InsertCoordinator.doStaticInserts(InsertCoordinator.java:175)
	at org.hibernate.persister.entity.mutation.InsertCoordinator.coordinateInsert(InsertCoordinator.java:113)
	at org.hibernate.persister.entity.AbstractEntityPersister.insert(AbstractEntityPersister.java:2868)
	at org.hibernate.action.internal.EntityIdentityInsertAction.execute(EntityIdentityInsertAction.java:81)
	at org.hibernate.engine.spi.ActionQueue.execute(ActionQueue.java:670)
	at org.hibernate.engine.spi.ActionQueue.addResolvedEntityInsertAction(ActionQueue.java:291)
	at org.hibernate.engine.spi.ActionQueue.addInsertAction(ActionQueue.java:272)
	at org.hibernate.engine.spi.ActionQueue.addAction(ActionQueue.java:322)
	at org.hibernate.event.internal.AbstractSaveEventListener.addInsertAction(AbstractSaveEventListener.java:386)
	at org.hibernate.event.internal.AbstractSaveEventListener.performSaveOrReplicate(AbstractSaveEventListener.java:300)
	at org.hibernate.event.internal.AbstractSaveEventListener.performSave(AbstractSaveEventListener.java:219)
	at org.hibernate.event.internal.AbstractSaveEventListener.saveWithGeneratedId(AbstractSaveEventListener.java:134)
	at org.hibernate.event.internal.DefaultPersistEventListener.entityIsTransient(DefaultPersistEventListener.java:175)
	at org.hibernate.event.internal.DefaultPersistEventListener.persist(DefaultPersistEventListener.java:93)
	at org.hibernate.event.internal.DefaultPersistEventListener.onPersist(DefaultPersistEventListener.java:77)
	at org.hibernate.event.internal.DefaultPersistEventListener.onPersist(DefaultPersistEventListener.java:54)
	at org.hibernate.event.service.internal.EventListenerGroupImpl.fireEventOnEachListener(EventListenerGroupImpl.java:127)
	at org.hibernate.internal.SessionImpl.firePersist(SessionImpl.java:754)
	at org.hibernate.internal.SessionImpl.persist(SessionImpl.java:738)
	at java.base/jdk.internal.reflect.DirectMethodHandleAccessor.invoke(DirectMethodHandleAccessor.java:104)
	at java.base/java.lang.reflect.Method.invoke(Method.java:565)
	at org.springframework.orm.jpa.SharedEntityManagerCreator$SharedEntityManagerInvocationHandler.invoke(SharedEntityManagerCreator.java:319)
	at jdk.proxy2/jdk.proxy2.$Proxy199.persist(Unknown Source)
	at org.springframework.data.jpa.repository.support.SimpleJpaRepository.save(SimpleJpaRepository.java:618)
	at java.base/jdk.internal.reflect.DirectMethodHandleAccessor.invoke(DirectMethodHandleAccessor.java:104)
	at java.base/java.lang.reflect.Method.invoke(Method.java:565)
	at org.springframework.aop.support.AopUtils.invokeJoinpointUsingReflection(AopUtils.java:354)
	at org.springframework.data.repository.core.support.RepositoryMethodInvoker$RepositoryFragmentMethodInvoker.lambda$new$0(RepositoryMethodInvoker.java:277)
	at org.springframework.data.repository.core.support.RepositoryMethodInvoker.doInvoke(RepositoryMethodInvoker.java:170)
	at org.springframework.data.repository.core.support.RepositoryMethodInvoker.invoke(RepositoryMethodInvoker.java:158)
	at org.springframework.data.repository.core.support.RepositoryComposition$RepositoryFragments.invoke(RepositoryComposition.java:516)
	at org.springframework.data.repository.core.support.RepositoryComposition.invoke(RepositoryComposition.java:285)
	at org.springframework.data.repository.core.support.RepositoryFactorySupport$ImplementationMethodExecutionInterceptor.invoke(RepositoryFactorySupport.java:628)
	at org.springframework.aop.framework.ReflectiveMethodInvocation.proceed(ReflectiveMethodInvocation.java:184)
	at org.springframework.data.repository.core.support.QueryExecutorMethodInterceptor.doInvoke(QueryExecutorMethodInterceptor.java:168)
	at org.springframework.data.repository.core.support.QueryExecutorMethodInterceptor.invoke(QueryExecutorMethodInterceptor.java:143)
	at org.springframework.aop.framework.ReflectiveMethodInvocation.proceed(ReflectiveMethodInvocation.java:184)
	at org.springframework.data.projection.DefaultMethodInvokingMethodInterceptor.invoke(DefaultMethodInvokingMethodInterceptor.java:70)
	at org.springframework.aop.framework.ReflectiveMethodInvocation.proceed(ReflectiveMethodInvocation.java:184)
	at org.springframework.transaction.interceptor.TransactionInterceptor$1.proceedWithInvocation(TransactionInterceptor.java:123)
	at org.springframework.transaction.interceptor.TransactionAspectSupport.invokeWithinTransaction(TransactionAspectSupport.java:392)
	at org.springframework.transaction.interceptor.TransactionInterceptor.invoke(TransactionInterceptor.java:119)
	at org.springframework.aop.framework.ReflectiveMethodInvocation.proceed(ReflectiveMethodInvocation.java:184)
	at org.springframework.dao.support.PersistenceExceptionTranslationInterceptor.invoke(PersistenceExceptionTranslationInterceptor.java:137)
	... 11 more
Caused by: org.h2.jdbc.JdbcSQLSyntaxErrorException: Table "monthly_cra_report" non trouvée
Table "monthly_cra_report" not found; SQL statement:
insert into "monthly_cra_report" ("client_address","client_company","client_contact_email","client_contact_phone","client_contact_role","client_first_name","client_last_name","client_representative_name","client_signature_date","client_signature_image","created_at","month","provider_address","provider_company","provider_email","provider_first_name","provider_last_name","provider_phone","provider_signature_date","provider_signature_image","provider_signer_name","status","updated_at","validation_date","year","id") values (?,?,?,?,?,?,?,?,?,?,?,?,?,?,?,?,?,?,?,?,?,?,?,?,?,default) [42102-224]
	at org.h2.message.DbException.getJdbcSQLException(DbException.java:514)
	at org.h2.message.DbException.getJdbcSQLException(DbException.java:489)
	at org.h2.message.DbException.get(DbException.java:223)
	at org.h2.message.DbException.get(DbException.java:199)
	at org.h2.command.Parser.getTableOrViewNotFoundDbException(Parser.java:8064)
	at org.h2.command.Parser.getTableOrViewNotFoundDbException(Parser.java:8035)
	at org.h2.command.Parser.readTableOrView(Parser.java:8024)
	at org.h2.command.Parser.readTableOrView(Parser.java:7990)
	at org.h2.command.Parser.parseInsert(Parser.java:1540)
	at org.h2.command.Parser.parsePrepared(Parser.java:719)
	at org.h2.command.Parser.parse(Parser.java:592)
	at org.h2.command.Parser.parse(Parser.java:564)
	at org.h2.command.Parser.prepareCommand(Parser.java:483)
	at org.h2.engine.SessionLocal.prepareLocal(SessionLocal.java:639)
	at org.h2.engine.SessionLocal.prepareCommand(SessionLocal.java:559)
	at org.h2.jdbc.JdbcConnection.prepareCommand(JdbcConnection.java:1166)
	at org.h2.jdbc.JdbcPreparedStatement.<init>(JdbcPreparedStatement.java:93)
	at org.h2.jdbc.JdbcConnection.prepareStatement(JdbcConnection.java:1094)
	at org.hibernate.engine.jdbc.internal.MutationStatementPreparerImpl$2.doPrepare(MutationStatementPreparerImpl.java:61)
	at org.hibernate.engine.jdbc.internal.MutationStatementPreparerImpl$StatementPreparationTemplate.prepareStatement(MutationStatementPreparerImpl.java:106)
	... 61 more
]]></error>
    <system-out><![CDATA[Hibernate: insert into "monthly_cra_report" ("client_address","client_company","client_contact_email","client_contact_phone","client_contact_role","client_first_name","client_last_name","client_representative_name","client_signature_date","client_signature_image","created_at","month","provider_address","provider_company","provider_email","provider_first_name","provider_last_name","provider_phone","provider_signature_date","provider_signature_image","provider_signer_name","status","updated_at","validation_date","year","id") values (?,?,?,?,?,?,?,?,?,?,?,?,?,?,?,?,?,?,?,?,?,?,?,?,?,default)
2026-07-31T19:07:32.959+02:00  WARN 1949 --- [           main] o.h.engine.jdbc.spi.SqlExceptionHelper   : SQL Error: 42102, SQLState: 42S02
2026-07-31T19:07:32.959+02:00 ERROR 1949 --- [           main] o.h.engine.jdbc.spi.SqlExceptionHelper   : Table "monthly_cra_report" non trouvée
Table "monthly_cra_report" not found; SQL statement:
insert into "monthly_cra_report" ("client_address","client_company","client_contact_email","client_contact_phone","client_contact_role","client_first_name","client_last_name","client_representative_name","client_signature_date","client_signature_image","created_at","month","provider_address","provider_company","provider_email","provider_first_name","provider_last_name","provider_phone","provider_signature_date","provider_signature_image","provider_signer_name","status","updated_at","validation_date","year","id") values (?,?,?,?,?,?,?,?,?,?,?,?,?,?,?,?,?,?,?,?,?,?,?,?,?,default) [42102-224]
]]></system-out>
  </testcase>
</testsuite>